[ppfg][info][1774563895035] vkNegotiateLoaderLayerInterfaceVersion ok; mode=reproject-adaptive-blend-test
[ppfg][info][1774563895038] vkCreateInstance ok; mode=reproject-adaptive-blend-test; app=vkcube; engine=vkcube; apiVersion=1.0.0
[ppfg][info][1774563895062] vkCreateDevice ok; gpu=AMD Custom GPU 0932 (RADV VANGOGH)
[ppfg][info][1774563895066] created history image for swapchain
[ppfg][info][1774563895066] vkCreateSwapchainKHR ok; extent=500x500; format=44; presentMode=IMMEDIATE; minImages=3->5; usage=COLOR_ATTACHMENT (0x10) -> TRANSFER_SRC|SAMPLED|COLOR_ATTACHMENT (0x15); images=5; mode=reproject-adaptive-blend-test
[ppfg][info][1774563895069] vkQueuePresentKHR frame=1; queueFamily=0; imageIndex=0; waitSemaphores=1
[ppfg][info][1774563895069] initialized injection resources for queue family 0
[ppfg][info][1774563895069] initialized blend resources for swapchain
[ppfg][info][1774563895069] reproject-adaptive-blend primed previous frame history
[ppfg][info][1774563895069] vkQueuePresentKHR frame=2; queueFamily=0; imageIndex=1; waitSemaphores=1
[ppfg][info][1774563895073] first reproject adaptive blended generated-frame present succeeded
[ppfg][info][1774563895073] reproject adaptive blended frame present=1; generatedImageIndex=2; currentImageIndex=1
[ppfg][info][1774563895074] vkQueuePresentKHR frame=3; queueFamily=0; imageIndex=3; waitSemaphores=1
[ppfg][info][1774563895077] reproject adaptive blended frame present=2; generatedImageIndex=4; currentImageIndex=3
[ppfg][info][1774563895078] vkQueuePresentKHR frame=4; queueFamily=0; imageIndex=0; waitSemaphores=1
[ppfg][info][1774563895082] reproject adaptive blended frame present=3; generatedImageIndex=2; currentImageIndex=0
[ppfg][info][1774563895082] vkQueuePresentKHR frame=5; queueFamily=0; imageIndex=1; waitSemaphores=1
[ppfg][info][1774563895086] reproject adaptive blended frame present=4; generatedImageIndex=4; currentImageIndex=1
[ppfg][info][1774563895091] reproject adaptive blended frame present=5; generatedImageIndex=2; currentImageIndex=3
[ppfg][info][1774563895319] vkQueuePresentKHR frame=60; queueFamily=0; imageIndex=3; waitSemaphores=1
[ppfg][info][1774563895328] reproject adaptive blended frame present=60; generatedImageIndex=4; currentImageIndex=0
[ppfg][info][1774563895579] vkQueuePresentKHR frame=120; queueFamily=0; imageIndex=3; waitSemaphores=1
[ppfg][info][1774563895584] vkDestroySwapchainKHR
[ppfg][info][1774563895585] vkDestroyDevice
[ppfg][info][1774563895659] vkDestroyInstance
