[ppfg][info][1774563796564] vkNegotiateLoaderLayerInterfaceVersion ok; mode=reproject-adaptive-blend-test
[ppfg][info][1774563796567] vkCreateInstance ok; mode=reproject-adaptive-blend-test; app=vkcube; engine=vkcube; apiVersion=1.0.0
[ppfg][info][1774563796590] vkCreateDevice ok; gpu=AMD Custom GPU 0932 (RADV VANGOGH)
[ppfg][info][1774563796595] created history image for swapchain
[ppfg][info][1774563796595] vkCreateSwapchainKHR ok; extent=500x500; format=44; presentMode=FIFO; minImages=3->5; usage=COLOR_ATTACHMENT (0x10) -> TRANSFER_SRC|SAMPLED|COLOR_ATTACHMENT (0x15); images=5; mode=reproject-adaptive-blend-test
[ppfg][info][1774563796597] vkQueuePresentKHR frame=1; queueFamily=0; imageIndex=0; waitSemaphores=1
[ppfg][info][1774563796597] initialized injection resources for queue family 0
[ppfg][info][1774563796598] initialized blend resources for swapchain
[ppfg][info][1774563796598] reproject-adaptive-blend primed previous frame history
[ppfg][info][1774563796598] vkQueuePresentKHR frame=2; queueFamily=0; imageIndex=1; waitSemaphores=1
[ppfg][info][1774563796602] first reproject adaptive blended generated-frame present succeeded
[ppfg][info][1774563796602] reproject adaptive blended frame present=1; generatedImageIndex=2; currentImageIndex=1
[ppfg][info][1774563796602] vkQueuePresentKHR frame=3; queueFamily=0; imageIndex=3; waitSemaphores=1
[ppfg][info][1774563796606] reproject adaptive blended frame present=2; generatedImageIndex=4; currentImageIndex=3
[ppfg][info][1774563796610] vkQueuePresentKHR frame=4; queueFamily=0; imageIndex=0; waitSemaphores=1
[ppfg][info][1774563796626] reproject adaptive blended frame present=3; generatedImageIndex=2; currentImageIndex=0
[ppfg][info][1774563796631] vkQueuePresentKHR frame=5; queueFamily=0; imageIndex=1; waitSemaphores=1
[ppfg][info][1774563796648] reproject adaptive blended frame present=4; generatedImageIndex=4; currentImageIndex=1
[ppfg][info][1774563796670] reproject adaptive blended frame present=5; generatedImageIndex=2; currentImageIndex=3
[ppfg][info][1774563797854] vkQueuePresentKHR frame=60; queueFamily=0; imageIndex=3; waitSemaphores=1
[ppfg][info][1774563797892] reproject adaptive blended frame present=60; generatedImageIndex=4; currentImageIndex=0
[ppfg][info][1774563799187] vkQueuePresentKHR frame=120; queueFamily=0; imageIndex=3; waitSemaphores=1
[ppfg][info][1774563799203] vkDestroySwapchainKHR
[ppfg][info][1774563799211] vkDestroyDevice
[ppfg][info][1774563799292] vkDestroyInstance
