[ppfg][info][1774559428901] vkNegotiateLoaderLayerInterfaceVersion ok; mode=clear-test
[ppfg][info][1774559428903] vkCreateInstance ok; mode=clear-test; app=vkcube; engine=vkcube; apiVersion=1.0.0
[ppfg][info][1774559428927] vkCreateDevice ok; gpu=AMD Custom GPU 0932 (RADV VANGOGH)
[ppfg][info][1774559428933] vkCreateSwapchainKHR ok; extent=500x500; format=44; presentMode=FIFO; minImages=3->4; usage=COLOR_ATTACHMENT (0x10) -> TRANSFER_DST|COLOR_ATTACHMENT (0x12); images=4; mode=clear-test
[ppfg][info][1774559428935] vkQueuePresentKHR frame=1; queueFamily=0; imageIndex=0; waitSemaphores=1
[ppfg][info][1774559428935] initialized injection resources for queue family 0
[ppfg][info][1774559428935] first generated clear-frame present succeeded
[ppfg][info][1774559428935] generated frame present=1; swapchainImageIndex=1
[ppfg][info][1774559428936] vkQueuePresentKHR frame=2; queueFamily=0; imageIndex=2; waitSemaphores=1
[ppfg][info][1774559428936] generated frame present=2; swapchainImageIndex=3
[ppfg][info][1774559428936] vkQueuePresentKHR frame=3; queueFamily=0; imageIndex=0; waitSemaphores=1
[ppfg][info][1774559428950] generated frame present=3; swapchainImageIndex=1
[ppfg][info][1774559428959] vkQueuePresentKHR frame=4; queueFamily=0; imageIndex=2; waitSemaphores=1
[ppfg][info][1774559428972] generated frame present=4; swapchainImageIndex=3
[ppfg][info][1774559428981] vkQueuePresentKHR frame=5; queueFamily=0; imageIndex=0; waitSemaphores=1
[ppfg][info][1774559428994] generated frame present=5; swapchainImageIndex=1
[ppfg][info][1774559430203] vkQueuePresentKHR frame=60; queueFamily=0; imageIndex=2; waitSemaphores=1
[ppfg][info][1774559430216] generated frame present=60; swapchainImageIndex=3
[ppfg][info][1774559431537] vkQueuePresentKHR frame=120; queueFamily=0; imageIndex=2; waitSemaphores=1
[ppfg][info][1774559431549] generated frame present=120; swapchainImageIndex=3
[ppfg][info][1774559431549] vkDestroySwapchainKHR
[ppfg][info][1774559431560] vkDestroyDevice
[ppfg][info][1774559431626] vkDestroyInstance
