[omfg][info][1774660542542] vkNegotiateLoaderLayerInterfaceVersion ok; mode=reproject-multi-blend-test
[omfg][info][1774660542544] vkCreateInstance ok; mode=reproject-multi-blend-test; app=vkcube; engine=vkcube; apiVersion=1.0.0
[omfg][info][1774660542562] vkCreateDevice ok; gpu=AMD Custom GPU 0932 (RADV VANGOGH); presentId=0; presentWait=0; displayTiming=0
[omfg][info][1774660542567] created history image for swapchain
[omfg][info][1774660542567] vkCreateSwapchainKHR ok; extent=500x500; format=44; presentMode=FIFO; minImages=3->6; usage=COLOR_ATTACHMENT (0x10) -> TRANSFER_SRC|SAMPLED|COLOR_ATTACHMENT (0x15); images=6; mode=reproject-multi-blend-test
[omfg][info][1774660542569] vkQueuePresentKHR frame=1; queueFamily=0; imageIndex=0; waitSemaphores=1
[omfg][info][1774660542569] initialized injection resources for queue family 0
[omfg][info][1774660542569] initialized blend resources for swapchain
[omfg][info][1774660542570] reproject-multi-blend primed previous frame history
[omfg][info][1774660542570] vkQueuePresentKHR frame=2; queueFamily=0; imageIndex=1; waitSemaphores=1
[omfg][info][1774660542578] first reproject multi blended generated-frame present succeeded
[omfg][info][1774660542578] reproject multi blended frame present=2; generatedImageIndices=[2, 3]; currentImageIndex=1; originalFirst=0
[omfg][info][1774660542578] vkQueuePresentKHR frame=3; queueFamily=0; imageIndex=4; waitSemaphores=1
[omfg][info][1774660542598] reproject multi blended frame present=4; generatedImageIndices=[5, 0]; currentImageIndex=4; originalFirst=0
[omfg][info][1774660542599] vkQueuePresentKHR frame=4; queueFamily=0; imageIndex=2; waitSemaphores=1
[omfg][info][1774660542631] reproject multi blended frame present=6; generatedImageIndices=[3, 1]; currentImageIndex=2; originalFirst=0
[omfg][info][1774660542631] vkQueuePresentKHR frame=5; queueFamily=0; imageIndex=5; waitSemaphores=1
[omfg][info][1774660543531] reproject multi blended frame present=60; generatedImageIndices=[4, 5]; currentImageIndex=0; originalFirst=0
[omfg][info][1774660544455] vkQueuePresentKHR frame=60; queueFamily=0; imageIndex=3; waitSemaphores=1
[omfg][info][1774660544521] reproject multi blended frame present=120; generatedImageIndices=[4, 5]; currentImageIndex=0; originalFirst=0
[omfg][info][1774660545521] reproject multi blended frame present=180; generatedImageIndices=[4, 5]; currentImageIndex=0; originalFirst=0
[omfg][info][1774660546455] vkQueuePresentKHR frame=120; queueFamily=0; imageIndex=3; waitSemaphores=1
[omfg][info][1774660546499] vkDestroySwapchainKHR
[omfg][info][1774660546511] vkDestroyDevice
[omfg][info][1774660546557] vkDestroyInstance
