[omfg][info][1774660473713] vkNegotiateLoaderLayerInterfaceVersion ok; mode=copy-test
[omfg][info][1774660473715] vkCreateInstance ok; mode=copy-test; app=vkcube; engine=vkcube; apiVersion=1.0.0
[omfg][info][1774660473733] vkCreateDevice ok; gpu=AMD Custom GPU 0932 (RADV VANGOGH); presentId=0; presentWait=0; displayTiming=0
[omfg][info][1774660473739] vkCreateSwapchainKHR ok; extent=500x500; format=44; presentMode=FIFO; minImages=3->5; usage=COLOR_ATTACHMENT (0x10) -> TRANSFER_SRC|TRANSFER_DST|COLOR_ATTACHMENT (0x13); images=5; mode=copy-test
[omfg][info][1774660473742] vkQueuePresentKHR frame=1; queueFamily=0; imageIndex=0; waitSemaphores=1
[omfg][info][1774660473742] initialized injection resources for queue family 0
[omfg][info][1774660473742] first duplicated-frame present succeeded
[omfg][info][1774660473742] duplicated frame present=1; sourceImageIndex=0; generatedImageIndex=1; originalFirst=0
[omfg][info][1774660473742] vkQueuePresentKHR frame=2; queueFamily=0; imageIndex=2; waitSemaphores=1
[omfg][info][1774660473742] duplicated frame present=2; sourceImageIndex=2; generatedImageIndex=3; originalFirst=0
[omfg][info][1774660473742] vkQueuePresentKHR frame=3; queueFamily=0; imageIndex=4; waitSemaphores=1
[omfg][info][1774660473767] duplicated frame present=3; sourceImageIndex=4; generatedImageIndex=0; originalFirst=0
[omfg][info][1774660473776] vkQueuePresentKHR frame=4; queueFamily=0; imageIndex=1; waitSemaphores=1
[omfg][info][1774660473788] duplicated frame present=4; sourceImageIndex=1; generatedImageIndex=2; originalFirst=0
[omfg][info][1774660473798] vkQueuePresentKHR frame=5; queueFamily=0; imageIndex=3; waitSemaphores=1
[omfg][info][1774660473799] duplicated frame present=5; sourceImageIndex=3; generatedImageIndex=4; originalFirst=0
[omfg][info][1774660475020] vkQueuePresentKHR frame=60; queueFamily=0; imageIndex=3; waitSemaphores=1
[omfg][info][1774660475032] duplicated frame present=60; sourceImageIndex=3; generatedImageIndex=4; originalFirst=0
[omfg][info][1774660476343] vkQueuePresentKHR frame=120; queueFamily=0; imageIndex=3; waitSemaphores=1
[omfg][info][1774660476356] duplicated frame present=120; sourceImageIndex=3; generatedImageIndex=4; originalFirst=0
[omfg][info][1774660476356] vkDestroySwapchainKHR
[omfg][info][1774660476365] vkDestroyDevice
[omfg][info][1774660476426] vkDestroyInstance
