[ppfg][info][1774558832092] vkNegotiateLoaderLayerInterfaceVersion ok; mode=copy-test
[ppfg][info][1774558832095] vkCreateInstance ok; mode=copy-test; app=vkcube; engine=vkcube; apiVersion=1.0.0
[ppfg][info][1774558832117] vkCreateDevice ok; gpu=AMD Custom GPU 0932 (RADV VANGOGH)
[ppfg][info][1774558832121] vkCreateSwapchainKHR ok; extent=500x500; format=44; presentMode=FIFO; minImages=3->5; usage=COLOR_ATTACHMENT (0x10) -> TRANSFER_SRC|TRANSFER_DST|COLOR_ATTACHMENT (0x13); images=5; mode=copy-test
[ppfg][info][1774558832124] vkQueuePresentKHR frame=1; queueFamily=0; imageIndex=0; waitSemaphores=1
[ppfg][info][1774558832124] initialized injection resources for queue family 0
[ppfg][info][1774558832124] first duplicated-frame present succeeded
[ppfg][info][1774558832124] duplicated frame present=1; sourceImageIndex=0; generatedImageIndex=1
[ppfg][info][1774558832124] vkQueuePresentKHR frame=2; queueFamily=0; imageIndex=2; waitSemaphores=1
[ppfg][info][1774558832125] duplicated frame present=2; sourceImageIndex=2; generatedImageIndex=3
[ppfg][info][1774558832125] vkQueuePresentKHR frame=3; queueFamily=0; imageIndex=4; waitSemaphores=1
[ppfg][info][1774558832131] duplicated frame present=3; sourceImageIndex=4; generatedImageIndex=0
[ppfg][info][1774558832141] vkQueuePresentKHR frame=4; queueFamily=0; imageIndex=1; waitSemaphores=1
[ppfg][info][1774558832153] duplicated frame present=4; sourceImageIndex=1; generatedImageIndex=2
[ppfg][info][1774558832163] vkQueuePresentKHR frame=5; queueFamily=0; imageIndex=3; waitSemaphores=1
[ppfg][info][1774558832175] duplicated frame present=5; sourceImageIndex=3; generatedImageIndex=4
[ppfg][info][1774558833386] vkQueuePresentKHR frame=60; queueFamily=0; imageIndex=3; waitSemaphores=1
[ppfg][info][1774558833398] duplicated frame present=60; sourceImageIndex=3; generatedImageIndex=4
[ppfg][info][1774558834719] vkQueuePresentKHR frame=120; queueFamily=0; imageIndex=3; waitSemaphores=1
[ppfg][info][1774558834732] duplicated frame present=120; sourceImageIndex=3; generatedImageIndex=4
[ppfg][info][1774558834732] vkDestroySwapchainKHR
[ppfg][info][1774558834742] vkDestroyDevice
[ppfg][info][1774558834807] vkDestroyInstance
