[omfg][info][1774646865760] vkNegotiateLoaderLayerInterfaceVersion ok; mode=history-copy-test
[omfg][info][1774646865763] vkCreateInstance ok; mode=history-copy-test; apiVersion=1.1.0
[omfg][info][1774646865903] vkNegotiateLoaderLayerInterfaceVersion ok; mode=history-copy-test
[omfg][info][1774646865904] vkCreateInstance ok; mode=history-copy-test; apiVersion=1.1.0
[omfg][info][1774646867230] vkNegotiateLoaderLayerInterfaceVersion ok; mode=history-copy-test
[omfg][info][1774646867233] vkCreateInstance ok; mode=history-copy-test; apiVersion=1.1.0
[omfg][info][1774646868266] vkNegotiateLoaderLayerInterfaceVersion ok; mode=history-copy-test
[omfg][info][1774646868268] vkCreateInstance ok; mode=history-copy-test; app=re8.exe; engine=DXVK; apiVersion=1.3.0
[omfg][info][1774646868412] vkNegotiateLoaderLayerInterfaceVersion ok; mode=history-copy-test
[omfg][info][1774646868414] vkCreateInstance ok; mode=history-copy-test; app=re8.exe; engine=vkd3d; apiVersion=1.3.0
[omfg][info][1774646868712] vkCreateDevice ok; gpu=AMD Custom GPU 0932 (RADV VANGOGH); presentId=1; presentWait=1; displayTiming=0
[omfg][info][1774646868730] vkDestroyDevice
[omfg][info][1774646868732] vkDestroyInstance
[omfg][info][1774646868747] vkNegotiateLoaderLayerInterfaceVersion ok; mode=history-copy-test
[omfg][info][1774646868748] vkCreateInstance ok; mode=history-copy-test; app=re8.exe; engine=vkd3d; apiVersion=1.3.0
[omfg][info][1774646869033] vkCreateDevice ok; gpu=AMD Custom GPU 0932 (RADV VANGOGH); presentId=1; presentWait=1; displayTiming=0
[omfg][info][1774646869048] vkNegotiateLoaderLayerInterfaceVersion ok; mode=history-copy-test
[omfg][info][1774646869050] vkCreateInstance ok; mode=history-copy-test; apiVersion=1.1.0
[omfg][info][1774646869187] vkDestroyInstance
[omfg][info][1774646870372] created history image for swapchain
[omfg][info][1774646870372] vkCreateSwapchainKHR ok; extent=1286x787; format=44; presentMode=FIFO; minImages=3->5; usage=TRANSFER_SRC|STORAGE|COLOR_ATTACHMENT (0x19) -> TRANSFER_SRC|TRANSFER_DST|STORAGE|COLOR_ATTACHMENT (0x1b); images=5; mode=history-copy-test
[omfg][info][1774646870376] vkQueuePresentKHR frame=1; queueFamily=0; imageIndex=0; waitSemaphores=1
[omfg][info][1774646870376] initialized injection resources for queue family 0
[omfg][info][1774646870379] history-copy primed previous frame history
[omfg][info][1774646870487] vkDestroySwapchainKHR
[omfg][info][1774646870493] created history image for swapchain
[omfg][info][1774646870493] vkCreateSwapchainKHR ok; extent=1280x787; format=44; presentMode=FIFO; minImages=3->5; usage=TRANSFER_SRC|STORAGE|COLOR_ATTACHMENT (0x19) -> TRANSFER_SRC|TRANSFER_DST|STORAGE|COLOR_ATTACHMENT (0x1b); images=5; mode=history-copy-test
[omfg][info][1774646870494] vkQueuePresentKHR frame=1; queueFamily=0; imageIndex=0; waitSemaphores=1
[omfg][info][1774646870494] initialized injection resources for queue family 0
[omfg][info][1774646870495] history-copy primed previous frame history
[omfg][info][1774646870498] vkQueuePresentKHR frame=2; queueFamily=0; imageIndex=1; waitSemaphores=1
[omfg][info][1774646870499] first previous-frame insertion present succeeded
[omfg][info][1774646870499] history-copy generated frame present=1; previousFrameSourceStored=1; generatedImageIndex=2; currentImageIndex=1; freezeHistory=0
[omfg][info][1774646870500] vkQueuePresentKHR frame=3; queueFamily=0; imageIndex=3; waitSemaphores=1
[omfg][info][1774646870500] history-copy generated frame present=2; previousFrameSourceStored=1; generatedImageIndex=4; currentImageIndex=3; freezeHistory=0
[omfg][info][1774646870518] vkQueuePresentKHR frame=4; queueFamily=0; imageIndex=0; waitSemaphores=1
[omfg][info][1774646870519] history-copy generated frame present=3; previousFrameSourceStored=1; generatedImageIndex=2; currentImageIndex=0; freezeHistory=0
[omfg][info][1774646870528] vkQueuePresentKHR frame=5; queueFamily=0; imageIndex=1; waitSemaphores=1
[omfg][info][1774646870539] history-copy generated frame present=4; previousFrameSourceStored=1; generatedImageIndex=4; currentImageIndex=1; freezeHistory=0
[omfg][info][1774646870561] history-copy generated frame present=5; previousFrameSourceStored=1; generatedImageIndex=2; currentImageIndex=3; freezeHistory=0
[omfg][info][1774646872782] vkQueuePresentKHR frame=60; queueFamily=0; imageIndex=3; waitSemaphores=1
[omfg][info][1774646872816] history-copy generated frame present=60; previousFrameSourceStored=1; generatedImageIndex=4; currentImageIndex=0; freezeHistory=0
[omfg][info][1774646874061] vkCreateDevice ok; gpu=AMD Custom GPU 0932 (RADV VANGOGH); presentId=1; presentWait=1; displayTiming=0
[omfg][info][1774646874116] vkQueuePresentKHR frame=120; queueFamily=0; imageIndex=3; waitSemaphores=1
[omfg][info][1774646874150] history-copy generated frame present=120; previousFrameSourceStored=1; generatedImageIndex=4; currentImageIndex=0; freezeHistory=0
[omfg][info][1774646875449] vkQueuePresentKHR frame=180; queueFamily=0; imageIndex=3; waitSemaphores=1
[omfg][info][1774646875483] history-copy generated frame present=180; previousFrameSourceStored=1; generatedImageIndex=4; currentImageIndex=0; freezeHistory=0
[omfg][info][1774646876782] vkQueuePresentKHR frame=240; queueFamily=0; imageIndex=3; waitSemaphores=1
[omfg][info][1774646876816] history-copy generated frame present=240; previousFrameSourceStored=1; generatedImageIndex=4; currentImageIndex=0; freezeHistory=0
[omfg][info][1774646878115] vkQueuePresentKHR frame=300; queueFamily=0; imageIndex=3; waitSemaphores=1
[omfg][info][1774646878149] history-copy generated frame present=300; previousFrameSourceStored=1; generatedImageIndex=4; currentImageIndex=0; freezeHistory=0
[omfg][info][1774646879448] vkQueuePresentKHR frame=360; queueFamily=0; imageIndex=3; waitSemaphores=1
[omfg][info][1774646879483] history-copy generated frame present=360; previousFrameSourceStored=1; generatedImageIndex=4; currentImageIndex=0; freezeHistory=0
[omfg][info][1774646880781] vkQueuePresentKHR frame=420; queueFamily=0; imageIndex=3; waitSemaphores=1
[omfg][info][1774646880816] history-copy generated frame present=420; previousFrameSourceStored=1; generatedImageIndex=4; currentImageIndex=0; freezeHistory=0
[omfg][info][1774646882115] vkQueuePresentKHR frame=480; queueFamily=0; imageIndex=3; waitSemaphores=1
[omfg][info][1774646882149] history-copy generated frame present=480; previousFrameSourceStored=1; generatedImageIndex=4; currentImageIndex=0; freezeHistory=0
[omfg][info][1774646883448] vkQueuePresentKHR frame=540; queueFamily=0; imageIndex=3; waitSemaphores=1
[omfg][info][1774646883482] history-copy generated frame present=540; previousFrameSourceStored=1; generatedImageIndex=4; currentImageIndex=0; freezeHistory=0
[omfg][info][1774646884781] vkQueuePresentKHR frame=600; queueFamily=0; imageIndex=3; waitSemaphores=1
[omfg][info][1774646884816] history-copy generated frame present=600; previousFrameSourceStored=1; generatedImageIndex=4; currentImageIndex=0; freezeHistory=0
[omfg][info][1774646886114] vkQueuePresentKHR frame=660; queueFamily=0; imageIndex=3; waitSemaphores=1
[omfg][info][1774646886149] history-copy generated frame present=660; previousFrameSourceStored=1; generatedImageIndex=4; currentImageIndex=0; freezeHistory=0
[omfg][info][1774646887448] vkQueuePresentKHR frame=720; queueFamily=0; imageIndex=3; waitSemaphores=1
[omfg][info][1774646887482] history-copy generated frame present=720; previousFrameSourceStored=1; generatedImageIndex=4; currentImageIndex=0; freezeHistory=0
[omfg][info][1774646888781] vkQueuePresentKHR frame=780; queueFamily=0; imageIndex=3; waitSemaphores=1
[omfg][info][1774646888815] history-copy generated frame present=780; previousFrameSourceStored=1; generatedImageIndex=4; currentImageIndex=0; freezeHistory=0
[omfg][info][1774646890114] vkQueuePresentKHR frame=840; queueFamily=0; imageIndex=3; waitSemaphores=1
[omfg][info][1774646890149] history-copy generated frame present=840; previousFrameSourceStored=1; generatedImageIndex=4; currentImageIndex=0; freezeHistory=0
[omfg][info][1774646891222] vkDestroyDevice
[omfg][info][1774646891447] vkQueuePresentKHR frame=900; queueFamily=0; imageIndex=3; waitSemaphores=1
[omfg][info][1774646891482] history-copy generated frame present=900; previousFrameSourceStored=1; generatedImageIndex=4; currentImageIndex=0; freezeHistory=0
[omfg][info][1774646892781] vkQueuePresentKHR frame=960; queueFamily=0; imageIndex=3; waitSemaphores=1
[omfg][info][1774646892815] history-copy generated frame present=960; previousFrameSourceStored=1; generatedImageIndex=4; currentImageIndex=0; freezeHistory=0
[omfg][info][1774646894114] vkQueuePresentKHR frame=1020; queueFamily=0; imageIndex=3; waitSemaphores=1
[omfg][info][1774646894148] history-copy generated frame present=1020; previousFrameSourceStored=1; generatedImageIndex=4; currentImageIndex=0; freezeHistory=0
[omfg][info][1774646895454] vkQueuePresentKHR frame=1080; queueFamily=0; imageIndex=3; waitSemaphores=1
[omfg][info][1774646895494] history-copy generated frame present=1080; previousFrameSourceStored=1; generatedImageIndex=4; currentImageIndex=0; freezeHistory=0
[omfg][info][1774646897455] vkQueuePresentKHR frame=1140; queueFamily=0; imageIndex=3; waitSemaphores=1
[omfg][info][1774646897495] history-copy generated frame present=1140; previousFrameSourceStored=1; generatedImageIndex=4; currentImageIndex=0; freezeHistory=0
[omfg][info][1774646899460] vkQueuePresentKHR frame=1200; queueFamily=0; imageIndex=3; waitSemaphores=1
[omfg][info][1774646899507] history-copy generated frame present=1200; previousFrameSourceStored=1; generatedImageIndex=4; currentImageIndex=0; freezeHistory=0
[omfg][info][1774646901458] vkQueuePresentKHR frame=1260; queueFamily=0; imageIndex=3; waitSemaphores=1
[omfg][info][1774646901509] history-copy generated frame present=1260; previousFrameSourceStored=1; generatedImageIndex=4; currentImageIndex=0; freezeHistory=0
[omfg][info][1774646903457] vkQueuePresentKHR frame=1320; queueFamily=0; imageIndex=3; waitSemaphores=1
[omfg][info][1774646903507] history-copy generated frame present=1320; previousFrameSourceStored=1; generatedImageIndex=4; currentImageIndex=0; freezeHistory=0
[omfg][info][1774646905457] vkQueuePresentKHR frame=1380; queueFamily=0; imageIndex=3; waitSemaphores=1
[omfg][info][1774646905507] history-copy generated frame present=1380; previousFrameSourceStored=1; generatedImageIndex=4; currentImageIndex=0; freezeHistory=0
[omfg][info][1774646907457] vkQueuePresentKHR frame=1440; queueFamily=0; imageIndex=3; waitSemaphores=1
[omfg][info][1774646907507] history-copy generated frame present=1440; previousFrameSourceStored=1; generatedImageIndex=4; currentImageIndex=0; freezeHistory=0
[omfg][info][1774646909457] vkQueuePresentKHR frame=1500; queueFamily=0; imageIndex=3; waitSemaphores=1
[omfg][info][1774646909507] history-copy generated frame present=1500; previousFrameSourceStored=1; generatedImageIndex=4; currentImageIndex=0; freezeHistory=0
[omfg][info][1774646911457] vkQueuePresentKHR frame=1560; queueFamily=0; imageIndex=3; waitSemaphores=1
[omfg][info][1774646911507] history-copy generated frame present=1560; previousFrameSourceStored=1; generatedImageIndex=4; currentImageIndex=0; freezeHistory=0
