[ppfg][info][1774563792043] vkNegotiateLoaderLayerInterfaceVersion ok; mode=reproject-blend-test
[ppfg][info][1774563792045] vkCreateInstance ok; mode=reproject-blend-test; app=vkcube; engine=vkcube; apiVersion=1.0.0
[ppfg][info][1774563792068] vkCreateDevice ok; gpu=AMD Custom GPU 0932 (RADV VANGOGH)
[ppfg][info][1774563792073] created history image for swapchain
[ppfg][info][1774563792073] vkCreateSwapchainKHR ok; extent=500x500; format=44; presentMode=FIFO; minImages=3->5; usage=COLOR_ATTACHMENT (0x10) -> TRANSFER_SRC|SAMPLED|COLOR_ATTACHMENT (0x15); images=5; mode=reproject-blend-test
[ppfg][info][1774563792075] vkQueuePresentKHR frame=1; queueFamily=0; imageIndex=0; waitSemaphores=1
[ppfg][info][1774563792075] initialized injection resources for queue family 0
[ppfg][info][1774563792075] initialized blend resources for swapchain
[ppfg][info][1774563792076] reproject-blend primed previous frame history
[ppfg][info][1774563792076] vkQueuePresentKHR frame=2; queueFamily=0; imageIndex=1; waitSemaphores=1
[ppfg][info][1774563792080] first reproject blended generated-frame present succeeded
[ppfg][info][1774563792080] reproject blended frame present=1; generatedImageIndex=2; currentImageIndex=1
[ppfg][info][1774563792080] vkQueuePresentKHR frame=3; queueFamily=0; imageIndex=3; waitSemaphores=1
[ppfg][info][1774563792084] reproject blended frame present=2; generatedImageIndex=4; currentImageIndex=3
[ppfg][info][1774563792088] vkQueuePresentKHR frame=4; queueFamily=0; imageIndex=0; waitSemaphores=1
[ppfg][info][1774563792104] reproject blended frame present=3; generatedImageIndex=2; currentImageIndex=0
[ppfg][info][1774563792109] vkQueuePresentKHR frame=5; queueFamily=0; imageIndex=1; waitSemaphores=1
[ppfg][info][1774563792126] reproject blended frame present=4; generatedImageIndex=4; currentImageIndex=1
[ppfg][info][1774563792148] reproject blended frame present=5; generatedImageIndex=2; currentImageIndex=3
[ppfg][info][1774563793332] vkQueuePresentKHR frame=60; queueFamily=0; imageIndex=3; waitSemaphores=1
[ppfg][info][1774563793370] reproject blended frame present=60; generatedImageIndex=4; currentImageIndex=0
[ppfg][info][1774563794665] vkQueuePresentKHR frame=120; queueFamily=0; imageIndex=3; waitSemaphores=1
[ppfg][info][1774563794681] vkDestroySwapchainKHR
[ppfg][info][1774563794688] vkDestroyDevice
[ppfg][info][1774563794769] vkDestroyInstance
