[omfg][info][1774622944922] vkNegotiateLoaderLayerInterfaceVersion ok; mode=optflow-blend-test
[omfg][info][1774622944924] vkCreateInstance ok; mode=optflow-blend-test; app=vkcube; engine=vkcube; apiVersion=1.0.0
[omfg][info][1774622944946] vkCreateDevice appended timing extensions; extensions=VK_KHR_present_id,VK_KHR_present_wait
[omfg][info][1774622944946] vkCreateDevice ok; gpu=AMD Custom GPU 0932 (RADV VANGOGH); presentId=1; presentWait=1; displayTiming=0
[omfg][info][1774622944950] created history image for swapchain
[omfg][info][1774622944950] vkCreateSwapchainKHR ok; extent=500x500; format=44; presentMode=FIFO; minImages=3->5; usage=COLOR_ATTACHMENT (0x10) -> TRANSFER_SRC|SAMPLED|COLOR_ATTACHMENT (0x15); images=5; mode=optflow-blend-test
[omfg][info][1774622944952] vkQueuePresentKHR passthrough frame=1; queueFamily=0; imageIndex=0; waitSemaphores=1
[omfg][info][1774622944952] initialized benchmark timestamp query pool; capacity=4096; timestampPeriodNs=10.000; timestampValidBits=64
[omfg][info][1774622944952] initialized injection resources for queue family 0
[omfg][info][1774622944953] initialized blend resources for swapchain
[omfg][info][1774622944953] optflow-blend primed previous frame history
[omfg][info][1774622944953] vkQueuePresentKHR passthrough frame=2; queueFamily=0; imageIndex=1; waitSemaphores=1
[omfg][info][1774622944956] benchmark sample; label=optflow-debug-confidence; mode=optflow-blend-test; debugView=confidence; sample=1; present=2; generatedFrames=1; cpuAcquireMs=0.016; cpuSetupMs=0.004; cpuRecordMs=0.039; cpuSubmitMs=0.045; cpuSubmitWaitMs=0.000; cpuGeneratedPresentMs=0.076; cpuOriginalPresentMs=0.047; cpuQueueIdleMs=2.843; cpuTotalMs=3.069; gpuCmdMs=2.916; gpuAvailable=1
[omfg][info][1774622944956] first optical-flow blended generated-frame present succeeded
[omfg][info][1774622944956] optical-flow blended frame present=1; generatedImageIndex=2; currentImageIndex=1
[omfg][info][1774622944957] vkQueuePresentKHR passthrough frame=3; queueFamily=0; imageIndex=3; waitSemaphores=1
[omfg][info][1774622944960] benchmark sample; label=optflow-debug-confidence; mode=optflow-blend-test; debugView=confidence; sample=2; present=3; generatedFrames=1; cpuAcquireMs=0.023; cpuSetupMs=0.005; cpuRecordMs=0.048; cpuSubmitMs=0.068; cpuSubmitWaitMs=0.000; cpuGeneratedPresentMs=0.124; cpuOriginalPresentMs=0.064; cpuQueueIdleMs=2.931; cpuTotalMs=3.263; gpuCmdMs=3.025; gpuAvailable=1
[omfg][info][1774622944960] optical-flow blended frame present=2; generatedImageIndex=4; currentImageIndex=3
[omfg][info][1774622944962] vkQueuePresentKHR passthrough frame=4; queueFamily=0; imageIndex=0; waitSemaphores=1
[omfg][info][1774622944978] benchmark sample; label=optflow-debug-confidence; mode=optflow-blend-test; debugView=confidence; sample=3; present=4; generatedFrames=1; cpuAcquireMs=10.955; cpuSetupMs=0.017; cpuRecordMs=0.113; cpuSubmitMs=0.111; cpuSubmitWaitMs=0.000; cpuGeneratedPresentMs=0.124; cpuOriginalPresentMs=0.082; cpuQueueIdleMs=3.999; cpuTotalMs=15.402; gpuCmdMs=3.034; gpuAvailable=1
[omfg][info][1774622944978] optical-flow blended frame present=3; generatedImageIndex=2; currentImageIndex=0
[omfg][info][1774622944984] vkQueuePresentKHR passthrough frame=5; queueFamily=0; imageIndex=1; waitSemaphores=1
[omfg][info][1774622945000] benchmark sample; label=optflow-debug-confidence; mode=optflow-blend-test; debugView=confidence; sample=4; present=5; generatedFrames=1; cpuAcquireMs=10.875; cpuSetupMs=0.016; cpuRecordMs=0.116; cpuSubmitMs=0.110; cpuSubmitWaitMs=0.000; cpuGeneratedPresentMs=0.111; cpuOriginalPresentMs=0.076; cpuQueueIdleMs=3.876; cpuTotalMs=15.180; gpuCmdMs=3.024; gpuAvailable=1
[omfg][info][1774622945000] optical-flow blended frame present=4; generatedImageIndex=4; currentImageIndex=1
[omfg][info][1774622945022] benchmark sample; label=optflow-debug-confidence; mode=optflow-blend-test; debugView=confidence; sample=5; present=6; generatedFrames=1; cpuAcquireMs=10.889; cpuSetupMs=0.017; cpuRecordMs=0.134; cpuSubmitMs=0.106; cpuSubmitWaitMs=0.000; cpuGeneratedPresentMs=0.085; cpuOriginalPresentMs=0.064; cpuQueueIdleMs=3.729; cpuTotalMs=15.026; gpuCmdMs=3.030; gpuAvailable=1
[omfg][info][1774622945022] optical-flow blended frame present=5; generatedImageIndex=2; currentImageIndex=3
[omfg][info][1774622946207] vkQueuePresentKHR passthrough frame=60; queueFamily=0; imageIndex=3; waitSemaphores=1
[omfg][info][1774622946223] benchmark summary; label=optflow-debug-confidence; mode=optflow-blend-test; debugView=confidence; samples=59; generatedFrames=59; gpuSamples=59; avgCpuAcquireMs=10.568; avgCpuSetupMs=0.015; avgCpuRecordMs=0.112; avgCpuSubmitMs=0.106; avgCpuSubmitWaitMs=0.000; avgCpuGeneratedPresentMs=0.092; avgCpuOriginalPresentMs=0.066; avgCpuQueueIdleMs=4.090; avgCpuTotalMs=15.049; avgCpuPerGeneratedFrameMs=15.049; maxCpuTotalMs=16.176; avgGpuCmdMs=3.005; avgGpuPerGeneratedFrameMs=3.005; maxGpuCmdMs=3.055
[omfg][info][1774622946223] vkDestroySwapchainKHR
[omfg][info][1774622946230] vkDestroyDevice
[omfg][info][1774622946233] vkDestroyInstance
