[omfg][info][1774639799861] vkNegotiateLoaderLayerInterfaceVersion ok; mode=passthrough
[omfg][info][1774639799864] vkCreateInstance ok; mode=passthrough; apiVersion=1.1.0
[omfg][info][1774639801034] vkNegotiateLoaderLayerInterfaceVersion ok; mode=passthrough
[omfg][info][1774639801036] vkCreateInstance ok; mode=passthrough; apiVersion=1.1.0
[omfg][info][1774639801871] vkNegotiateLoaderLayerInterfaceVersion ok; mode=passthrough
[omfg][info][1774639801872] vkCreateInstance ok; mode=passthrough; app=re8.exe; engine=DXVK; apiVersion=1.3.0
[omfg][info][1774639801988] vkNegotiateLoaderLayerInterfaceVersion ok; mode=passthrough
[omfg][info][1774639801989] vkCreateInstance ok; mode=passthrough; app=re8.exe; engine=vkd3d; apiVersion=1.3.0
[omfg][info][1774639802216] vkCreateDevice ok; gpu=AMD Custom GPU 0932 (RADV VANGOGH); presentId=1; presentWait=1; displayTiming=0
[omfg][info][1774639802236] vkDestroyDevice
[omfg][info][1774639802307] vkDestroyInstance
[omfg][info][1774639802318] vkNegotiateLoaderLayerInterfaceVersion ok; mode=passthrough
[omfg][info][1774639802320] vkCreateInstance ok; mode=passthrough; app=re8.exe; engine=vkd3d; apiVersion=1.3.0
[omfg][info][1774639802535] vkCreateDevice ok; gpu=AMD Custom GPU 0932 (RADV VANGOGH); presentId=1; presentWait=1; displayTiming=0
[omfg][info][1774639802548] vkNegotiateLoaderLayerInterfaceVersion ok; mode=passthrough
[omfg][info][1774639802550] vkCreateInstance ok; mode=passthrough; apiVersion=1.1.0
[omfg][info][1774639802653] vkDestroyInstance
[omfg][info][1774639803967] vkCreateSwapchainKHR ok; extent=720x400; format=64; presentMode=MAILBOX; minImages=3->3; usage=TRANSFER_SRC|STORAGE|COLOR_ATTACHMENT (0x19) -> TRANSFER_SRC|STORAGE|COLOR_ATTACHMENT (0x19); images=3; mode=passthrough
[omfg][info][1774639803975] vkQueuePresentKHR passthrough frame=1; queueFamily=0; imageIndex=0; waitSemaphores=1
[omfg][info][1774639804124] vkDestroySwapchainKHR
[omfg][info][1774639804129] vkCreateSwapchainKHR ok; extent=720x400; format=64; presentMode=MAILBOX; minImages=3->3; usage=TRANSFER_SRC|STORAGE|COLOR_ATTACHMENT (0x19) -> TRANSFER_SRC|STORAGE|COLOR_ATTACHMENT (0x19); images=3; mode=passthrough
[omfg][info][1774639804130] vkQueuePresentKHR passthrough frame=1; queueFamily=0; imageIndex=0; waitSemaphores=1
[omfg][info][1774639804134] vkQueuePresentKHR passthrough frame=2; queueFamily=0; imageIndex=1; waitSemaphores=1
[omfg][info][1774639804136] vkQueuePresentKHR passthrough frame=3; queueFamily=0; imageIndex=2; waitSemaphores=1
[omfg][info][1774639804251] vkQueuePresentKHR passthrough frame=4; queueFamily=0; imageIndex=0; waitSemaphores=1
[omfg][info][1774639804262] vkQueuePresentKHR passthrough frame=5; queueFamily=0; imageIndex=1; waitSemaphores=1
[omfg][info][1774639805639] vkQueuePresentKHR passthrough frame=60; queueFamily=0; imageIndex=2; waitSemaphores=1
[omfg][info][1774639806317] vkQueuePresentKHR passthrough frame=120; queueFamily=0; imageIndex=2; waitSemaphores=1
[omfg][info][1774639806627] vkCreateDevice ok; gpu=AMD Custom GPU 0932 (RADV VANGOGH); presentId=1; presentWait=1; displayTiming=0
[omfg][info][1774639807094] vkQueuePresentKHR passthrough frame=180; queueFamily=0; imageIndex=2; waitSemaphores=1
[omfg][info][1774639807761] vkQueuePresentKHR passthrough frame=240; queueFamily=0; imageIndex=2; waitSemaphores=1
