[ppfg][info][1774558841010] vkNegotiateLoaderLayerInterfaceVersion ok; mode=blend-test
[ppfg][info][1774558841012] vkCreateInstance ok; mode=blend-test; app=vkcube; engine=vkcube; apiVersion=1.0.0
[ppfg][info][1774558841035] vkCreateDevice ok; gpu=AMD Custom GPU 0932 (RADV VANGOGH)
[ppfg][info][1774558841039] created history image for swapchain
[ppfg][info][1774558841039] vkCreateSwapchainKHR ok; extent=500x500; format=44; presentMode=FIFO; minImages=3->5; usage=COLOR_ATTACHMENT (0x10) -> TRANSFER_SRC|SAMPLED|COLOR_ATTACHMENT (0x15); images=5; mode=blend-test
[ppfg][info][1774558841041] vkQueuePresentKHR frame=1; queueFamily=0; imageIndex=0; waitSemaphores=1
[ppfg][info][1774558841042] initialized injection resources for queue family 0
[ppfg][info][1774558841042] initialized blend resources for swapchain
[ppfg][info][1774558841042] blend primed previous frame history
[ppfg][info][1774558841042] vkQueuePresentKHR frame=2; queueFamily=0; imageIndex=1; waitSemaphores=1
[ppfg][info][1774558841042] first blended generated-frame present succeeded
[ppfg][info][1774558841042] blended frame present=1; generatedImageIndex=2; currentImageIndex=1
[ppfg][info][1774558841042] vkQueuePresentKHR frame=3; queueFamily=0; imageIndex=3; waitSemaphores=1
[ppfg][info][1774558841043] blended frame present=2; generatedImageIndex=4; currentImageIndex=3
[ppfg][info][1774558841052] vkQueuePresentKHR frame=4; queueFamily=0; imageIndex=0; waitSemaphores=1
[ppfg][info][1774558841065] blended frame present=3; generatedImageIndex=2; currentImageIndex=0
[ppfg][info][1774558841074] vkQueuePresentKHR frame=5; queueFamily=0; imageIndex=1; waitSemaphores=1
[ppfg][info][1774558841087] blended frame present=4; generatedImageIndex=4; currentImageIndex=1
[ppfg][info][1774558841109] blended frame present=5; generatedImageIndex=2; currentImageIndex=3
[ppfg][info][1774558842296] vkQueuePresentKHR frame=60; queueFamily=0; imageIndex=3; waitSemaphores=1
[ppfg][info][1774558842332] blended frame present=60; generatedImageIndex=4; currentImageIndex=0
[ppfg][info][1774558843630] vkQueuePresentKHR frame=120; queueFamily=0; imageIndex=3; waitSemaphores=1
[ppfg][info][1774558843643] vkDestroySwapchainKHR
[ppfg][info][1774558843652] vkDestroyDevice
[ppfg][info][1774558843736] vkDestroyInstance
