[ppfg][info][1774556296775] vkNegotiateLoaderLayerInterfaceVersion ok; mode=adaptive-blend-test
[ppfg][info][1774556296777] vkCreateInstance ok; mode=adaptive-blend-test; app=vkcube; engine=vkcube; apiVersion=1.0.0
[ppfg][info][1774556296800] vkCreateDevice ok; gpu=AMD Custom GPU 0932 (RADV VANGOGH)
[ppfg][info][1774556296804] created history image for swapchain
[ppfg][info][1774556296804] vkCreateSwapchainKHR ok; extent=500x500; format=44; presentMode=IMMEDIATE; minImages=3->5; usage=COLOR_ATTACHMENT (0x10) -> TRANSFER_SRC|SAMPLED|COLOR_ATTACHMENT (0x15); images=5; mode=adaptive-blend-test
[ppfg][info][1774556296806] vkQueuePresentKHR frame=1; queueFamily=0; imageIndex=0; waitSemaphores=1
[ppfg][info][1774556296807] initialized injection resources for queue family 0
[ppfg][info][1774556296807] initialized blend resources for swapchain
[ppfg][info][1774556296807] adaptive-blend primed previous frame history
[ppfg][info][1774556296807] vkQueuePresentKHR frame=2; queueFamily=0; imageIndex=1; waitSemaphores=1
[ppfg][info][1774556296807] first adaptive blended generated-frame present succeeded
[ppfg][info][1774556296807] adaptive blended frame present=1; generatedImageIndex=2; currentImageIndex=1
[ppfg][info][1774556296808] vkQueuePresentKHR frame=3; queueFamily=0; imageIndex=3; waitSemaphores=1
[ppfg][info][1774556296808] adaptive blended frame present=2; generatedImageIndex=4; currentImageIndex=3
[ppfg][info][1774556296808] vkQueuePresentKHR frame=4; queueFamily=0; imageIndex=0; waitSemaphores=1
[ppfg][info][1774556296808] adaptive blended frame present=3; generatedImageIndex=2; currentImageIndex=0
[ppfg][info][1774556296808] vkQueuePresentKHR frame=5; queueFamily=0; imageIndex=1; waitSemaphores=1
[ppfg][info][1774556296808] adaptive blended frame present=4; generatedImageIndex=4; currentImageIndex=1
[ppfg][info][1774556296809] adaptive blended frame present=5; generatedImageIndex=2; currentImageIndex=3
[ppfg][info][1774556296823] vkQueuePresentKHR frame=60; queueFamily=0; imageIndex=3; waitSemaphores=1
[ppfg][info][1774556296823] adaptive blended frame present=60; generatedImageIndex=4; currentImageIndex=0
[ppfg][info][1774556296838] vkQueuePresentKHR frame=120; queueFamily=0; imageIndex=3; waitSemaphores=1
[ppfg][info][1774556296839] vkDestroySwapchainKHR
[ppfg][info][1774556296839] vkDestroyDevice
[ppfg][info][1774556296887] vkDestroyInstance
