[ppfg][info][1774555280469] vkNegotiateLoaderLayerInterfaceVersion ok; mode=blend-test
[ppfg][info][1774555280471] vkCreateInstance ok; mode=blend-test; app=vkcube; engine=vkcube; apiVersion=1.0.0
[ppfg][info][1774555280493] vkCreateDevice ok; gpu=AMD Custom GPU 0932 (RADV VANGOGH)
[ppfg][info][1774555280498] created history image for swapchain
[ppfg][info][1774555280498] vkCreateSwapchainKHR ok; extent=500x500; format=44; presentMode=IMMEDIATE; minImages=3->5; usage=COLOR_ATTACHMENT (0x10) -> TRANSFER_SRC|SAMPLED|COLOR_ATTACHMENT (0x15); images=5; mode=blend-test
[ppfg][info][1774555280500] vkQueuePresentKHR frame=1; queueFamily=0; imageIndex=0; waitSemaphores=1
[ppfg][info][1774555280500] initialized injection resources for queue family 0
[ppfg][info][1774555280501] initialized blend resources for swapchain
[ppfg][info][1774555280501] blend primed previous frame history
[ppfg][info][1774555280501] vkQueuePresentKHR frame=2; queueFamily=0; imageIndex=1; waitSemaphores=1
[ppfg][info][1774555280501] first blended generated-frame present succeeded
[ppfg][info][1774555280501] blended frame present=1; generatedImageIndex=2; currentImageIndex=1
[ppfg][info][1774555280502] vkQueuePresentKHR frame=3; queueFamily=0; imageIndex=3; waitSemaphores=1
[ppfg][info][1774555280502] blended frame present=2; generatedImageIndex=4; currentImageIndex=3
[ppfg][info][1774555280502] vkQueuePresentKHR frame=4; queueFamily=0; imageIndex=0; waitSemaphores=1
[ppfg][info][1774555280502] blended frame present=3; generatedImageIndex=2; currentImageIndex=0
[ppfg][info][1774555280502] vkQueuePresentKHR frame=5; queueFamily=0; imageIndex=1; waitSemaphores=1
[ppfg][info][1774555280502] blended frame present=4; generatedImageIndex=4; currentImageIndex=1
[ppfg][info][1774555280503] blended frame present=5; generatedImageIndex=2; currentImageIndex=3
[ppfg][info][1774555280517] vkQueuePresentKHR frame=60; queueFamily=0; imageIndex=3; waitSemaphores=1
[ppfg][info][1774555280517] blended frame present=60; generatedImageIndex=4; currentImageIndex=0
[ppfg][info][1774555280534] vkQueuePresentKHR frame=120; queueFamily=0; imageIndex=3; waitSemaphores=1
[ppfg][info][1774555280534] vkDestroySwapchainKHR
[ppfg][info][1774555280535] vkDestroyDevice
[ppfg][info][1774555280593] vkDestroyInstance
