[ppfg][info][1774558860277] vkNegotiateLoaderLayerInterfaceVersion ok; mode=adaptive-multi-blend-test
[ppfg][info][1774558860279] vkCreateInstance ok; mode=adaptive-multi-blend-test; app=vkcube; engine=vkcube; apiVersion=1.0.0
[ppfg][info][1774558860302] vkCreateDevice ok; gpu=AMD Custom GPU 0932 (RADV VANGOGH)
[ppfg][info][1774558860308] created history image for swapchain
[ppfg][info][1774558860308] vkCreateSwapchainKHR ok; extent=500x500; format=44; presentMode=FIFO; minImages=3->6; usage=COLOR_ATTACHMENT (0x10) -> TRANSFER_SRC|SAMPLED|COLOR_ATTACHMENT (0x15); images=6; mode=adaptive-multi-blend-test
[ppfg][info][1774558860310] vkQueuePresentKHR frame=1; queueFamily=0; imageIndex=0; waitSemaphores=1
[ppfg][info][1774558860310] initialized injection resources for queue family 0
[ppfg][info][1774558860310] initialized blend resources for swapchain
[ppfg][info][1774558860311] adaptive-multi-blend primed previous frame history
[ppfg][info][1774558860311] vkQueuePresentKHR frame=2; queueFamily=0; imageIndex=1; waitSemaphores=1
[ppfg][info][1774558860311] first adaptive multi blended generated-frame present succeeded
[ppfg][info][1774558860311] adaptive multi blended frame present=1; generatedImageIndices=[2]; currentImageIndex=1
[ppfg][info][1774558860311] vkQueuePresentKHR frame=3; queueFamily=0; imageIndex=3; waitSemaphores=1
[ppfg][info][1774558860312] adaptive multi blended frame present=2; generatedImageIndices=[4]; currentImageIndex=3
[ppfg][info][1774558860312] vkQueuePresentKHR frame=4; queueFamily=0; imageIndex=5; waitSemaphores=1
[ppfg][info][1774558860320] adaptive multi blended frame present=3; generatedImageIndices=[0]; currentImageIndex=5
[ppfg][info][1774558860329] vkQueuePresentKHR frame=5; queueFamily=0; imageIndex=2; waitSemaphores=1
[ppfg][info][1774558860354] adaptive multi blended frame present=5; generatedImageIndices=[1, 4]; currentImageIndex=2
[ppfg][info][1774558862163] vkQueuePresentKHR frame=60; queueFamily=0; imageIndex=3; waitSemaphores=1
[ppfg][info][1774558864163] vkQueuePresentKHR frame=120; queueFamily=0; imageIndex=3; waitSemaphores=1
[ppfg][info][1774558864187] vkDestroySwapchainKHR
[ppfg][info][1774558864197] vkDestroyDevice
[ppfg][info][1774558864296] vkDestroyInstance
