[ppfg][info][1774555248309] vkNegotiateLoaderLayerInterfaceVersion ok; mode=blend-test
[ppfg][info][1774555248311] vkCreateInstance ok; mode=blend-test; app=vkcube; engine=vkcube; apiVersion=1.0.0
[ppfg][info][1774555248334] vkCreateDevice ok; gpu=AMD Custom GPU 0932 (RADV VANGOGH)
[ppfg][info][1774555248339] created history image for swapchain
[ppfg][info][1774555248339] vkCreateSwapchainKHR ok; extent=500x500; format=44; presentMode=FIFO; minImages=3->5; usage=COLOR_ATTACHMENT (0x10) -> TRANSFER_SRC|SAMPLED|COLOR_ATTACHMENT (0x15); images=5; mode=blend-test
[ppfg][info][1774555248342] vkQueuePresentKHR frame=1; queueFamily=0; imageIndex=0; waitSemaphores=1
[ppfg][info][1774555248342] initialized injection resources for queue family 0
[ppfg][info][1774555248342] initialized blend resources for swapchain
[ppfg][info][1774555248342] blend primed previous frame history
[ppfg][info][1774555248342] vkQueuePresentKHR frame=2; queueFamily=0; imageIndex=1; waitSemaphores=1
[ppfg][info][1774555248343] first blended generated-frame present succeeded
[ppfg][info][1774555248343] blended frame present=1; generatedImageIndex=2; currentImageIndex=1
[ppfg][info][1774555248343] vkQueuePresentKHR frame=3; queueFamily=0; imageIndex=3; waitSemaphores=1
[ppfg][info][1774555248343] blended frame present=2; generatedImageIndex=4; currentImageIndex=3
[ppfg][info][1774555248351] vkQueuePresentKHR frame=4; queueFamily=0; imageIndex=0; waitSemaphores=1
[ppfg][info][1774555248363] blended frame present=3; generatedImageIndex=2; currentImageIndex=0
[ppfg][info][1774555248373] vkQueuePresentKHR frame=5; queueFamily=0; imageIndex=1; waitSemaphores=1
[ppfg][info][1774555248385] blended frame present=4; generatedImageIndex=4; currentImageIndex=1
[ppfg][info][1774555248408] blended frame present=5; generatedImageIndex=2; currentImageIndex=3
[ppfg][info][1774555249595] vkQueuePresentKHR frame=60; queueFamily=0; imageIndex=3; waitSemaphores=1
[ppfg][info][1774555249630] blended frame present=60; generatedImageIndex=4; currentImageIndex=0
[ppfg][info][1774555250928] vkQueuePresentKHR frame=120; queueFamily=0; imageIndex=3; waitSemaphores=1
[ppfg][info][1774555250963] blended frame present=120; generatedImageIndex=4; currentImageIndex=0
[ppfg][info][1774555252262] vkQueuePresentKHR frame=180; queueFamily=0; imageIndex=3; waitSemaphores=1
[ppfg][info][1774555252296] blended frame present=180; generatedImageIndex=4; currentImageIndex=0
[ppfg][info][1774555253595] vkQueuePresentKHR frame=240; queueFamily=0; imageIndex=3; waitSemaphores=1
[ppfg][info][1774555253630] blended frame present=240; generatedImageIndex=4; currentImageIndex=0
[ppfg][info][1774555254928] vkQueuePresentKHR frame=300; queueFamily=0; imageIndex=3; waitSemaphores=1
[ppfg][info][1774555254963] blended frame present=300; generatedImageIndex=4; currentImageIndex=0
[ppfg][info][1774555256261] vkQueuePresentKHR frame=360; queueFamily=0; imageIndex=3; waitSemaphores=1
[ppfg][info][1774555256297] blended frame present=360; generatedImageIndex=4; currentImageIndex=0
[ppfg][info][1774555257595] vkQueuePresentKHR frame=420; queueFamily=0; imageIndex=3; waitSemaphores=1
[ppfg][info][1774555257630] blended frame present=420; generatedImageIndex=4; currentImageIndex=0
[ppfg][info][1774555258928] vkQueuePresentKHR frame=480; queueFamily=0; imageIndex=3; waitSemaphores=1
[ppfg][info][1774555258962] blended frame present=480; generatedImageIndex=4; currentImageIndex=0
[ppfg][info][1774555260262] vkQueuePresentKHR frame=540; queueFamily=0; imageIndex=3; waitSemaphores=1
[ppfg][info][1774555260295] blended frame present=540; generatedImageIndex=4; currentImageIndex=0
[ppfg][info][1774555261595] vkQueuePresentKHR frame=600; queueFamily=0; imageIndex=3; waitSemaphores=1
[ppfg][info][1774555261607] vkDestroySwapchainKHR
[ppfg][info][1774555261618] vkDestroyDevice
[ppfg][info][1774555261650] vkDestroyInstance
