[omfg][info][1774660509370] vkNegotiateLoaderLayerInterfaceVersion ok; mode=optflow-blend-test
[omfg][info][1774660509372] vkCreateInstance ok; mode=optflow-blend-test; app=vkcube; engine=vkcube; apiVersion=1.0.0
[omfg][info][1774660509391] vkCreateDevice ok; gpu=AMD Custom GPU 0932 (RADV VANGOGH); presentId=0; presentWait=0; displayTiming=0
[omfg][info][1774660509396] created history image for swapchain
[omfg][info][1774660509396] vkCreateSwapchainKHR ok; extent=500x500; format=44; presentMode=FIFO; minImages=3->5; usage=COLOR_ATTACHMENT (0x10) -> TRANSFER_SRC|SAMPLED|COLOR_ATTACHMENT (0x15); images=5; mode=optflow-blend-test
[omfg][info][1774660509398] vkQueuePresentKHR frame=1; queueFamily=0; imageIndex=0; waitSemaphores=1
[omfg][info][1774660509398] initialized injection resources for queue family 0
[omfg][info][1774660509399] initialized blend resources for swapchain
[omfg][info][1774660509399] optflow-blend primed previous frame history
[omfg][info][1774660509399] vkQueuePresentKHR frame=2; queueFamily=0; imageIndex=1; waitSemaphores=1
[omfg][info][1774660509410] first optical-flow blended generated-frame present succeeded
[omfg][info][1774660509410] optical-flow blended frame present=1; generatedImageIndex=2; currentImageIndex=1; originalFirst=0
[omfg][info][1774660509410] vkQueuePresentKHR frame=3; queueFamily=0; imageIndex=3; waitSemaphores=1
[omfg][info][1774660509422] optical-flow blended frame present=2; generatedImageIndex=4; currentImageIndex=3; originalFirst=0
[omfg][info][1774660509422] vkQueuePresentKHR frame=4; queueFamily=0; imageIndex=0; waitSemaphores=1
[omfg][info][1774660509445] optical-flow blended frame present=3; generatedImageIndex=2; currentImageIndex=0; originalFirst=0
[omfg][info][1774660509446] vkQueuePresentKHR frame=5; queueFamily=0; imageIndex=1; waitSemaphores=1
[omfg][info][1774660509466] optical-flow blended frame present=4; generatedImageIndex=4; currentImageIndex=1; originalFirst=0
[omfg][info][1774660509489] optical-flow blended frame present=5; generatedImageIndex=2; currentImageIndex=3; originalFirst=0
[omfg][info][1774660510667] vkQueuePresentKHR frame=60; queueFamily=0; imageIndex=3; waitSemaphores=1
[omfg][info][1774660510711] optical-flow blended frame present=60; generatedImageIndex=4; currentImageIndex=0; originalFirst=0
[omfg][info][1774660511990] vkQueuePresentKHR frame=120; queueFamily=0; imageIndex=3; waitSemaphores=1
[omfg][info][1774660512012] vkDestroySwapchainKHR
[omfg][info][1774660512021] vkDestroyDevice
[omfg][info][1774660512084] vkDestroyInstance
