[omfg][info][1774647074281] vkNegotiateLoaderLayerInterfaceVersion ok; mode=search-blend-test
[omfg][info][1774647074283] vkCreateInstance ok; mode=search-blend-test; apiVersion=1.1.0
[omfg][info][1774647074421] vkNegotiateLoaderLayerInterfaceVersion ok; mode=search-blend-test
[omfg][info][1774647074422] vkCreateInstance ok; mode=search-blend-test; apiVersion=1.1.0
[omfg][info][1774647075754] vkNegotiateLoaderLayerInterfaceVersion ok; mode=search-blend-test
[omfg][info][1774647075756] vkCreateInstance ok; mode=search-blend-test; apiVersion=1.1.0
[omfg][info][1774647076769] vkNegotiateLoaderLayerInterfaceVersion ok; mode=search-blend-test
[omfg][info][1774647076770] vkCreateInstance ok; mode=search-blend-test; app=re8.exe; engine=DXVK; apiVersion=1.3.0
[omfg][info][1774647076914] vkNegotiateLoaderLayerInterfaceVersion ok; mode=search-blend-test
[omfg][info][1774647076916] vkCreateInstance ok; mode=search-blend-test; app=re8.exe; engine=vkd3d; apiVersion=1.3.0
[omfg][info][1774647077218] vkCreateDevice ok; gpu=AMD Custom GPU 0932 (RADV VANGOGH); presentId=1; presentWait=1; displayTiming=0
[omfg][info][1774647077236] vkDestroyDevice
[omfg][info][1774647077237] vkDestroyInstance
[omfg][info][1774647077252] vkNegotiateLoaderLayerInterfaceVersion ok; mode=search-blend-test
[omfg][info][1774647077254] vkCreateInstance ok; mode=search-blend-test; app=re8.exe; engine=vkd3d; apiVersion=1.3.0
[omfg][info][1774647077539] vkCreateDevice ok; gpu=AMD Custom GPU 0932 (RADV VANGOGH); presentId=1; presentWait=1; displayTiming=0
[omfg][info][1774647077554] vkNegotiateLoaderLayerInterfaceVersion ok; mode=search-blend-test
[omfg][info][1774647077555] vkCreateInstance ok; mode=search-blend-test; apiVersion=1.1.0
[omfg][info][1774647077690] vkDestroyInstance
[omfg][info][1774647078859] created history image for swapchain
[omfg][info][1774647078859] vkCreateSwapchainKHR ok; extent=1286x787; format=44; presentMode=FIFO; minImages=3->5; usage=TRANSFER_SRC|STORAGE|COLOR_ATTACHMENT (0x19) -> TRANSFER_SRC|SAMPLED|STORAGE|COLOR_ATTACHMENT (0x1d); images=5; mode=search-blend-test
[omfg][info][1774647078863] vkQueuePresentKHR frame=1; queueFamily=0; imageIndex=0; waitSemaphores=1
[omfg][info][1774647078863] initialized injection resources for queue family 0
[omfg][info][1774647078864] initialized blend resources for swapchain
[omfg][info][1774647078866] search-blend primed previous frame history
[omfg][info][1774647078972] vkDestroySwapchainKHR
[omfg][info][1774647078977] created history image for swapchain
[omfg][info][1774647078977] vkCreateSwapchainKHR ok; extent=1280x787; format=44; presentMode=FIFO; minImages=3->5; usage=TRANSFER_SRC|STORAGE|COLOR_ATTACHMENT (0x19) -> TRANSFER_SRC|SAMPLED|STORAGE|COLOR_ATTACHMENT (0x1d); images=5; mode=search-blend-test
[omfg][info][1774647078978] vkQueuePresentKHR frame=1; queueFamily=0; imageIndex=0; waitSemaphores=1
[omfg][info][1774647078978] initialized injection resources for queue family 0
[omfg][info][1774647078978] initialized blend resources for swapchain
[omfg][info][1774647078979] search-blend primed previous frame history
[omfg][info][1774647078983] vkQueuePresentKHR frame=2; queueFamily=0; imageIndex=1; waitSemaphores=1
[omfg][info][1774647078983] first search blended generated-frame present succeeded
[omfg][info][1774647078984] search blended frame present=1; generatedImageIndex=2; currentImageIndex=1; originalFirst=0
[omfg][info][1774647078984] vkQueuePresentKHR frame=3; queueFamily=0; imageIndex=3; waitSemaphores=1
[omfg][info][1774647078985] search blended frame present=2; generatedImageIndex=4; currentImageIndex=3; originalFirst=0
[omfg][info][1774647079011] vkQueuePresentKHR frame=4; queueFamily=0; imageIndex=0; waitSemaphores=1
[omfg][info][1774647079015] search blended frame present=3; generatedImageIndex=2; currentImageIndex=0; originalFirst=0
[omfg][info][1774647079016] vkQueuePresentKHR frame=5; queueFamily=0; imageIndex=1; waitSemaphores=1
[omfg][info][1774647079017] search blended frame present=4; generatedImageIndex=4; currentImageIndex=1; originalFirst=0
[omfg][info][1774647079043] search blended frame present=5; generatedImageIndex=2; currentImageIndex=3; originalFirst=0
[omfg][info][1774647081314] vkQueuePresentKHR frame=60; queueFamily=0; imageIndex=3; waitSemaphores=1
[omfg][info][1774647081349] search blended frame present=60; generatedImageIndex=4; currentImageIndex=0; originalFirst=0
[omfg][info][1774647082594] vkCreateDevice ok; gpu=AMD Custom GPU 0932 (RADV VANGOGH); presentId=1; presentWait=1; displayTiming=0
[omfg][info][1774647082647] vkQueuePresentKHR frame=120; queueFamily=0; imageIndex=3; waitSemaphores=1
[omfg][info][1774647082682] search blended frame present=120; generatedImageIndex=4; currentImageIndex=0; originalFirst=0
[omfg][info][1774647083980] vkQueuePresentKHR frame=180; queueFamily=0; imageIndex=3; waitSemaphores=1
[omfg][info][1774647084015] search blended frame present=180; generatedImageIndex=4; currentImageIndex=0; originalFirst=0
[omfg][info][1774647085314] vkQueuePresentKHR frame=240; queueFamily=0; imageIndex=3; waitSemaphores=1
[omfg][info][1774647085348] search blended frame present=240; generatedImageIndex=4; currentImageIndex=0; originalFirst=0
[omfg][info][1774647086647] vkQueuePresentKHR frame=300; queueFamily=0; imageIndex=3; waitSemaphores=1
[omfg][info][1774647086682] search blended frame present=300; generatedImageIndex=4; currentImageIndex=0; originalFirst=0
[omfg][info][1774647087980] vkQueuePresentKHR frame=360; queueFamily=0; imageIndex=3; waitSemaphores=1
[omfg][info][1774647088015] search blended frame present=360; generatedImageIndex=4; currentImageIndex=0; originalFirst=0
[omfg][info][1774647089313] vkQueuePresentKHR frame=420; queueFamily=0; imageIndex=3; waitSemaphores=1
[omfg][info][1774647089348] search blended frame present=420; generatedImageIndex=4; currentImageIndex=0; originalFirst=0
[omfg][info][1774647090647] vkQueuePresentKHR frame=480; queueFamily=0; imageIndex=3; waitSemaphores=1
[omfg][info][1774647090682] search blended frame present=480; generatedImageIndex=4; currentImageIndex=0; originalFirst=0
[omfg][info][1774647091980] vkQueuePresentKHR frame=540; queueFamily=0; imageIndex=3; waitSemaphores=1
[omfg][info][1774647092015] search blended frame present=540; generatedImageIndex=4; currentImageIndex=0; originalFirst=0
[omfg][info][1774647093313] vkQueuePresentKHR frame=600; queueFamily=0; imageIndex=3; waitSemaphores=1
[omfg][info][1774647093348] search blended frame present=600; generatedImageIndex=4; currentImageIndex=0; originalFirst=0
[omfg][info][1774647094646] vkQueuePresentKHR frame=660; queueFamily=0; imageIndex=3; waitSemaphores=1
[omfg][info][1774647094681] search blended frame present=660; generatedImageIndex=4; currentImageIndex=0; originalFirst=0
[omfg][info][1774647095980] vkQueuePresentKHR frame=720; queueFamily=0; imageIndex=3; waitSemaphores=1
[omfg][info][1774647096014] search blended frame present=720; generatedImageIndex=4; currentImageIndex=0; originalFirst=0
[omfg][info][1774647097313] vkQueuePresentKHR frame=780; queueFamily=0; imageIndex=3; waitSemaphores=1
[omfg][info][1774647097348] search blended frame present=780; generatedImageIndex=4; currentImageIndex=0; originalFirst=0
[omfg][info][1774647098646] vkQueuePresentKHR frame=840; queueFamily=0; imageIndex=3; waitSemaphores=1
[omfg][info][1774647098681] search blended frame present=840; generatedImageIndex=4; currentImageIndex=0; originalFirst=0
[omfg][info][1774647099755] vkDestroyDevice
[omfg][info][1774647099979] vkQueuePresentKHR frame=900; queueFamily=0; imageIndex=3; waitSemaphores=1
[omfg][info][1774647100015] search blended frame present=900; generatedImageIndex=4; currentImageIndex=0; originalFirst=0
[omfg][info][1774647101313] vkQueuePresentKHR frame=960; queueFamily=0; imageIndex=3; waitSemaphores=1
[omfg][info][1774647101348] search blended frame present=960; generatedImageIndex=4; currentImageIndex=0; originalFirst=0
[omfg][info][1774647102646] vkQueuePresentKHR frame=1020; queueFamily=0; imageIndex=3; waitSemaphores=1
[omfg][info][1774647102681] search blended frame present=1020; generatedImageIndex=4; currentImageIndex=0; originalFirst=0
[omfg][info][1774647103998] vkQueuePresentKHR frame=1080; queueFamily=0; imageIndex=3; waitSemaphores=1
[omfg][info][1774647104038] search blended frame present=1080; generatedImageIndex=4; currentImageIndex=0; originalFirst=0
[omfg][info][1774647105998] vkQueuePresentKHR frame=1140; queueFamily=0; imageIndex=3; waitSemaphores=1
[omfg][info][1774647106041] search blended frame present=1140; generatedImageIndex=4; currentImageIndex=0; originalFirst=0
[omfg][info][1774647108002] vkQueuePresentKHR frame=1200; queueFamily=0; imageIndex=3; waitSemaphores=1
[omfg][info][1774647108051] search blended frame present=1200; generatedImageIndex=4; currentImageIndex=0; originalFirst=0
[omfg][info][1774647110001] vkQueuePresentKHR frame=1260; queueFamily=0; imageIndex=3; waitSemaphores=1
[omfg][info][1774647110053] search blended frame present=1260; generatedImageIndex=4; currentImageIndex=0; originalFirst=0
[omfg][info][1774647112002] vkQueuePresentKHR frame=1320; queueFamily=0; imageIndex=3; waitSemaphores=1
[omfg][info][1774647112053] search blended frame present=1320; generatedImageIndex=4; currentImageIndex=0; originalFirst=0
[omfg][info][1774647114001] vkQueuePresentKHR frame=1380; queueFamily=0; imageIndex=3; waitSemaphores=1
[omfg][info][1774647114052] search blended frame present=1380; generatedImageIndex=4; currentImageIndex=0; originalFirst=0
[omfg][info][1774647116001] vkQueuePresentKHR frame=1440; queueFamily=0; imageIndex=3; waitSemaphores=1
[omfg][info][1774647116052] search blended frame present=1440; generatedImageIndex=4; currentImageIndex=0; originalFirst=0
[omfg][info][1774647118002] vkQueuePresentKHR frame=1500; queueFamily=0; imageIndex=3; waitSemaphores=1
[omfg][info][1774647118051] search blended frame present=1500; generatedImageIndex=4; currentImageIndex=0; originalFirst=0
[omfg][info][1774647120001] vkQueuePresentKHR frame=1560; queueFamily=0; imageIndex=3; waitSemaphores=1
[omfg][info][1774647120053] search blended frame present=1560; generatedImageIndex=4; currentImageIndex=0; originalFirst=0
