[ppfg][info][1774556266019] vkNegotiateLoaderLayerInterfaceVersion ok; mode=adaptive-blend-test
[ppfg][info][1774556266021] vkCreateInstance ok; mode=adaptive-blend-test; app=vkcube; engine=vkcube; apiVersion=1.0.0
[ppfg][info][1774556266043] vkCreateDevice ok; gpu=AMD Custom GPU 0932 (RADV VANGOGH)
[ppfg][info][1774556266049] created history image for swapchain
[ppfg][info][1774556266049] vkCreateSwapchainKHR ok; extent=500x500; format=44; presentMode=FIFO; minImages=3->5; usage=COLOR_ATTACHMENT (0x10) -> TRANSFER_SRC|SAMPLED|COLOR_ATTACHMENT (0x15); images=5; mode=adaptive-blend-test
[ppfg][info][1774556266051] vkQueuePresentKHR frame=1; queueFamily=0; imageIndex=0; waitSemaphores=1
[ppfg][info][1774556266051] initialized injection resources for queue family 0
[ppfg][info][1774556266051] initialized blend resources for swapchain
[ppfg][info][1774556266052] adaptive-blend primed previous frame history
[ppfg][info][1774556266052] vkQueuePresentKHR frame=2; queueFamily=0; imageIndex=1; waitSemaphores=1
[ppfg][info][1774556266052] first adaptive blended generated-frame present succeeded
[ppfg][info][1774556266052] adaptive blended frame present=1; generatedImageIndex=2; currentImageIndex=1
[ppfg][info][1774556266052] vkQueuePresentKHR frame=3; queueFamily=0; imageIndex=3; waitSemaphores=1
[ppfg][info][1774556266052] adaptive blended frame present=2; generatedImageIndex=4; currentImageIndex=3
[ppfg][info][1774556266054] vkQueuePresentKHR frame=4; queueFamily=0; imageIndex=0; waitSemaphores=1
[ppfg][info][1774556266067] adaptive blended frame present=3; generatedImageIndex=2; currentImageIndex=0
[ppfg][info][1774556266077] vkQueuePresentKHR frame=5; queueFamily=0; imageIndex=1; waitSemaphores=1
[ppfg][info][1774556266089] adaptive blended frame present=4; generatedImageIndex=4; currentImageIndex=1
[ppfg][info][1774556266111] adaptive blended frame present=5; generatedImageIndex=2; currentImageIndex=3
[ppfg][info][1774556267299] vkQueuePresentKHR frame=60; queueFamily=0; imageIndex=3; waitSemaphores=1
[ppfg][info][1774556267334] adaptive blended frame present=60; generatedImageIndex=4; currentImageIndex=0
[ppfg][info][1774556268633] vkQueuePresentKHR frame=120; queueFamily=0; imageIndex=3; waitSemaphores=1
[ppfg][info][1774556268667] adaptive blended frame present=120; generatedImageIndex=4; currentImageIndex=0
[ppfg][info][1774556269966] vkQueuePresentKHR frame=180; queueFamily=0; imageIndex=3; waitSemaphores=1
[ppfg][info][1774556270000] adaptive blended frame present=180; generatedImageIndex=4; currentImageIndex=0
[ppfg][info][1774556271299] vkQueuePresentKHR frame=240; queueFamily=0; imageIndex=3; waitSemaphores=1
[ppfg][info][1774556271334] adaptive blended frame present=240; generatedImageIndex=4; currentImageIndex=0
[ppfg][info][1774556272633] vkQueuePresentKHR frame=300; queueFamily=0; imageIndex=3; waitSemaphores=1
[ppfg][info][1774556272667] adaptive blended frame present=300; generatedImageIndex=4; currentImageIndex=0
[ppfg][info][1774556273966] vkQueuePresentKHR frame=360; queueFamily=0; imageIndex=3; waitSemaphores=1
[ppfg][info][1774556274000] adaptive blended frame present=360; generatedImageIndex=4; currentImageIndex=0
[ppfg][info][1774556275299] vkQueuePresentKHR frame=420; queueFamily=0; imageIndex=3; waitSemaphores=1
[ppfg][info][1774556275333] adaptive blended frame present=420; generatedImageIndex=4; currentImageIndex=0
[ppfg][info][1774556276632] vkQueuePresentKHR frame=480; queueFamily=0; imageIndex=3; waitSemaphores=1
[ppfg][info][1774556276666] adaptive blended frame present=480; generatedImageIndex=4; currentImageIndex=0
[ppfg][info][1774556277966] vkQueuePresentKHR frame=540; queueFamily=0; imageIndex=3; waitSemaphores=1
[ppfg][info][1774556278000] adaptive blended frame present=540; generatedImageIndex=4; currentImageIndex=0
[ppfg][info][1774556279299] vkQueuePresentKHR frame=600; queueFamily=0; imageIndex=3; waitSemaphores=1
[ppfg][info][1774556279312] vkDestroySwapchainKHR
[ppfg][info][1774556279322] vkDestroyDevice
[ppfg][info][1774556279359] vkDestroyInstance
