[ppfg][info][1774563835129] vkNegotiateLoaderLayerInterfaceVersion ok; mode=search-adaptive-blend-test
[ppfg][info][1774563835131] vkCreateInstance ok; mode=search-adaptive-blend-test; app=vkcube; engine=vkcube; apiVersion=1.0.0
[ppfg][info][1774563835155] vkCreateDevice ok; gpu=AMD Custom GPU 0932 (RADV VANGOGH)
[ppfg][info][1774563835159] created history image for swapchain
[ppfg][info][1774563835159] vkCreateSwapchainKHR ok; extent=500x500; format=44; presentMode=FIFO; minImages=3->5; usage=COLOR_ATTACHMENT (0x10) -> TRANSFER_SRC|SAMPLED|COLOR_ATTACHMENT (0x15); images=5; mode=search-adaptive-blend-test
[ppfg][info][1774563835161] vkQueuePresentKHR frame=1; queueFamily=0; imageIndex=0; waitSemaphores=1
[ppfg][info][1774563835161] initialized injection resources for queue family 0
[ppfg][info][1774563835162] initialized blend resources for swapchain
[ppfg][info][1774563835162] search-adaptive-blend primed previous frame history
[ppfg][info][1774563835162] vkQueuePresentKHR frame=2; queueFamily=0; imageIndex=1; waitSemaphores=1
[ppfg][info][1774563835162] first search adaptive blended generated-frame present succeeded
[ppfg][info][1774563835162] search adaptive blended frame present=1; generatedImageIndex=2; currentImageIndex=1
[ppfg][info][1774563835163] vkQueuePresentKHR frame=3; queueFamily=0; imageIndex=3; waitSemaphores=1
[ppfg][info][1774563835163] search adaptive blended frame present=2; generatedImageIndex=4; currentImageIndex=3
[ppfg][info][1774563835163] vkQueuePresentKHR frame=4; queueFamily=0; imageIndex=0; waitSemaphores=1
[ppfg][info][1774563835176] search adaptive blended frame present=3; generatedImageIndex=2; currentImageIndex=0
[ppfg][info][1774563835186] vkQueuePresentKHR frame=5; queueFamily=0; imageIndex=1; waitSemaphores=1
[ppfg][info][1774563835198] search adaptive blended frame present=4; generatedImageIndex=4; currentImageIndex=1
[ppfg][info][1774563835220] search adaptive blended frame present=5; generatedImageIndex=2; currentImageIndex=3
[ppfg][info][1774563836408] vkQueuePresentKHR frame=60; queueFamily=0; imageIndex=3; waitSemaphores=1
[ppfg][info][1774563836443] search adaptive blended frame present=60; generatedImageIndex=4; currentImageIndex=0
[ppfg][info][1774563837741] vkQueuePresentKHR frame=120; queueFamily=0; imageIndex=3; waitSemaphores=1
[ppfg][info][1774563837776] search adaptive blended frame present=120; generatedImageIndex=4; currentImageIndex=0
[ppfg][info][1774563839074] vkQueuePresentKHR frame=180; queueFamily=0; imageIndex=3; waitSemaphores=1
[ppfg][info][1774563839109] search adaptive blended frame present=180; generatedImageIndex=4; currentImageIndex=0
[ppfg][info][1774563840408] vkQueuePresentKHR frame=240; queueFamily=0; imageIndex=3; waitSemaphores=1
[ppfg][info][1774563840442] search adaptive blended frame present=240; generatedImageIndex=4; currentImageIndex=0
[ppfg][info][1774563841742] vkQueuePresentKHR frame=300; queueFamily=0; imageIndex=3; waitSemaphores=1
[ppfg][info][1774563841776] search adaptive blended frame present=300; generatedImageIndex=4; currentImageIndex=0
[ppfg][info][1774563843074] vkQueuePresentKHR frame=360; queueFamily=0; imageIndex=3; waitSemaphores=1
[ppfg][info][1774563843108] search adaptive blended frame present=360; generatedImageIndex=4; currentImageIndex=0
[ppfg][info][1774563844408] vkQueuePresentKHR frame=420; queueFamily=0; imageIndex=3; waitSemaphores=1
[ppfg][info][1774563844442] search adaptive blended frame present=420; generatedImageIndex=4; currentImageIndex=0
[ppfg][info][1774563845741] vkQueuePresentKHR frame=480; queueFamily=0; imageIndex=3; waitSemaphores=1
[ppfg][info][1774563845776] search adaptive blended frame present=480; generatedImageIndex=4; currentImageIndex=0
[ppfg][info][1774563847074] vkQueuePresentKHR frame=540; queueFamily=0; imageIndex=3; waitSemaphores=1
[ppfg][info][1774563847109] search adaptive blended frame present=540; generatedImageIndex=4; currentImageIndex=0
[ppfg][info][1774563848407] vkQueuePresentKHR frame=600; queueFamily=0; imageIndex=3; waitSemaphores=1
[ppfg][info][1774563848421] vkDestroySwapchainKHR
[ppfg][info][1774563848431] vkDestroyDevice
[ppfg][info][1774563848469] vkDestroyInstance
