[ppfg][info][1774563879826] vkNegotiateLoaderLayerInterfaceVersion ok; mode=reproject-adaptive-blend-test
[ppfg][info][1774563879828] vkCreateInstance ok; mode=reproject-adaptive-blend-test; app=vkcube; engine=vkcube; apiVersion=1.0.0
[ppfg][info][1774563879851] vkCreateDevice ok; gpu=AMD Custom GPU 0932 (RADV VANGOGH)
[ppfg][info][1774563879856] created history image for swapchain
[ppfg][info][1774563879856] vkCreateSwapchainKHR ok; extent=500x500; format=44; presentMode=FIFO; minImages=3->5; usage=COLOR_ATTACHMENT (0x10) -> TRANSFER_SRC|SAMPLED|COLOR_ATTACHMENT (0x15); images=5; mode=reproject-adaptive-blend-test
[ppfg][info][1774563879858] vkQueuePresentKHR frame=1; queueFamily=0; imageIndex=0; waitSemaphores=1
[ppfg][info][1774563879858] initialized injection resources for queue family 0
[ppfg][info][1774563879858] initialized blend resources for swapchain
[ppfg][info][1774563879859] reproject-adaptive-blend primed previous frame history
[ppfg][info][1774563879859] vkQueuePresentKHR frame=2; queueFamily=0; imageIndex=1; waitSemaphores=1
[ppfg][info][1774563879863] first reproject adaptive blended generated-frame present succeeded
[ppfg][info][1774563879863] reproject adaptive blended frame present=1; generatedImageIndex=2; currentImageIndex=1
[ppfg][info][1774563879863] vkQueuePresentKHR frame=3; queueFamily=0; imageIndex=3; waitSemaphores=1
[ppfg][info][1774563879867] reproject adaptive blended frame present=2; generatedImageIndex=4; currentImageIndex=3
[ppfg][info][1774563879867] vkQueuePresentKHR frame=4; queueFamily=0; imageIndex=0; waitSemaphores=1
[ppfg][info][1774563879879] reproject adaptive blended frame present=3; generatedImageIndex=2; currentImageIndex=0
[ppfg][info][1774563879884] vkQueuePresentKHR frame=5; queueFamily=0; imageIndex=1; waitSemaphores=1
[ppfg][info][1774563879901] reproject adaptive blended frame present=4; generatedImageIndex=4; currentImageIndex=1
[ppfg][info][1774563879923] reproject adaptive blended frame present=5; generatedImageIndex=2; currentImageIndex=3
[ppfg][info][1774563881107] vkQueuePresentKHR frame=60; queueFamily=0; imageIndex=3; waitSemaphores=1
[ppfg][info][1774563881146] reproject adaptive blended frame present=60; generatedImageIndex=4; currentImageIndex=0
[ppfg][info][1774563882440] vkQueuePresentKHR frame=120; queueFamily=0; imageIndex=3; waitSemaphores=1
[ppfg][info][1774563882479] reproject adaptive blended frame present=120; generatedImageIndex=4; currentImageIndex=0
[ppfg][info][1774563883773] vkQueuePresentKHR frame=180; queueFamily=0; imageIndex=3; waitSemaphores=1
[ppfg][info][1774563883812] reproject adaptive blended frame present=180; generatedImageIndex=4; currentImageIndex=0
[ppfg][info][1774563885106] vkQueuePresentKHR frame=240; queueFamily=0; imageIndex=3; waitSemaphores=1
[ppfg][info][1774563885145] reproject adaptive blended frame present=240; generatedImageIndex=4; currentImageIndex=0
[ppfg][info][1774563886440] vkQueuePresentKHR frame=300; queueFamily=0; imageIndex=3; waitSemaphores=1
[ppfg][info][1774563886478] reproject adaptive blended frame present=300; generatedImageIndex=4; currentImageIndex=0
[ppfg][info][1774563887773] vkQueuePresentKHR frame=360; queueFamily=0; imageIndex=3; waitSemaphores=1
[ppfg][info][1774563887811] reproject adaptive blended frame present=360; generatedImageIndex=4; currentImageIndex=0
[ppfg][info][1774563889106] vkQueuePresentKHR frame=420; queueFamily=0; imageIndex=3; waitSemaphores=1
[ppfg][info][1774563889145] reproject adaptive blended frame present=420; generatedImageIndex=4; currentImageIndex=0
[ppfg][info][1774563890440] vkQueuePresentKHR frame=480; queueFamily=0; imageIndex=3; waitSemaphores=1
[ppfg][info][1774563890477] reproject adaptive blended frame present=480; generatedImageIndex=4; currentImageIndex=0
[ppfg][info][1774563891773] vkQueuePresentKHR frame=540; queueFamily=0; imageIndex=3; waitSemaphores=1
[ppfg][info][1774563891811] reproject adaptive blended frame present=540; generatedImageIndex=4; currentImageIndex=0
[ppfg][info][1774563893106] vkQueuePresentKHR frame=600; queueFamily=0; imageIndex=3; waitSemaphores=1
[ppfg][info][1774563893122] vkDestroySwapchainKHR
[ppfg][info][1774563893129] vkDestroyDevice
[ppfg][info][1774563893152] vkDestroyInstance
