[ppfg][info][1774563787585] vkNegotiateLoaderLayerInterfaceVersion ok; mode=search-adaptive-blend-test
[ppfg][info][1774563787587] vkCreateInstance ok; mode=search-adaptive-blend-test; app=vkcube; engine=vkcube; apiVersion=1.0.0
[ppfg][info][1774563787611] vkCreateDevice ok; gpu=AMD Custom GPU 0932 (RADV VANGOGH)
[ppfg][info][1774563787615] created history image for swapchain
[ppfg][info][1774563787615] vkCreateSwapchainKHR ok; extent=500x500; format=44; presentMode=FIFO; minImages=3->5; usage=COLOR_ATTACHMENT (0x10) -> TRANSFER_SRC|SAMPLED|COLOR_ATTACHMENT (0x15); images=5; mode=search-adaptive-blend-test
[ppfg][info][1774563787617] vkQueuePresentKHR frame=1; queueFamily=0; imageIndex=0; waitSemaphores=1
[ppfg][info][1774563787617] initialized injection resources for queue family 0
[ppfg][info][1774563787618] initialized blend resources for swapchain
[ppfg][info][1774563787618] search-adaptive-blend primed previous frame history
[ppfg][info][1774563787618] vkQueuePresentKHR frame=2; queueFamily=0; imageIndex=1; waitSemaphores=1
[ppfg][info][1774563787618] first search adaptive blended generated-frame present succeeded
[ppfg][info][1774563787618] search adaptive blended frame present=1; generatedImageIndex=2; currentImageIndex=1
[ppfg][info][1774563787618] vkQueuePresentKHR frame=3; queueFamily=0; imageIndex=3; waitSemaphores=1
[ppfg][info][1774563787619] search adaptive blended frame present=2; generatedImageIndex=4; currentImageIndex=3
[ppfg][info][1774563787620] vkQueuePresentKHR frame=4; queueFamily=0; imageIndex=0; waitSemaphores=1
[ppfg][info][1774563787633] search adaptive blended frame present=3; generatedImageIndex=2; currentImageIndex=0
[ppfg][info][1774563787643] vkQueuePresentKHR frame=5; queueFamily=0; imageIndex=1; waitSemaphores=1
[ppfg][info][1774563787655] search adaptive blended frame present=4; generatedImageIndex=4; currentImageIndex=1
[ppfg][info][1774563787678] search adaptive blended frame present=5; generatedImageIndex=2; currentImageIndex=3
[ppfg][info][1774563788865] vkQueuePresentKHR frame=60; queueFamily=0; imageIndex=3; waitSemaphores=1
[ppfg][info][1774563788900] search adaptive blended frame present=60; generatedImageIndex=4; currentImageIndex=0
[ppfg][info][1774563790198] vkQueuePresentKHR frame=120; queueFamily=0; imageIndex=3; waitSemaphores=1
[ppfg][info][1774563790211] vkDestroySwapchainKHR
[ppfg][info][1774563790222] vkDestroyDevice
[ppfg][info][1774563790312] vkDestroyInstance
