[ppfg][info][1774563850620] vkNegotiateLoaderLayerInterfaceVersion ok; mode=search-adaptive-blend-test
[ppfg][info][1774563850622] vkCreateInstance ok; mode=search-adaptive-blend-test; app=vkcube; engine=vkcube; apiVersion=1.0.0
[ppfg][info][1774563850645] vkCreateDevice ok; gpu=AMD Custom GPU 0932 (RADV VANGOGH)
[ppfg][info][1774563850651] created history image for swapchain
[ppfg][info][1774563850651] vkCreateSwapchainKHR ok; extent=500x500; format=44; presentMode=IMMEDIATE; minImages=3->5; usage=COLOR_ATTACHMENT (0x10) -> TRANSFER_SRC|SAMPLED|COLOR_ATTACHMENT (0x15); images=5; mode=search-adaptive-blend-test
[ppfg][info][1774563850653] vkQueuePresentKHR frame=1; queueFamily=0; imageIndex=0; waitSemaphores=1
[ppfg][info][1774563850653] initialized injection resources for queue family 0
[ppfg][info][1774563850654] initialized blend resources for swapchain
[ppfg][info][1774563850654] search-adaptive-blend primed previous frame history
[ppfg][info][1774563850654] vkQueuePresentKHR frame=2; queueFamily=0; imageIndex=1; waitSemaphores=1
[ppfg][info][1774563850655] first search adaptive blended generated-frame present succeeded
[ppfg][info][1774563850655] search adaptive blended frame present=1; generatedImageIndex=2; currentImageIndex=1
[ppfg][info][1774563850655] vkQueuePresentKHR frame=3; queueFamily=0; imageIndex=3; waitSemaphores=1
[ppfg][info][1774563850655] search adaptive blended frame present=2; generatedImageIndex=4; currentImageIndex=3
[ppfg][info][1774563850655] vkQueuePresentKHR frame=4; queueFamily=0; imageIndex=0; waitSemaphores=1
[ppfg][info][1774563850656] search adaptive blended frame present=3; generatedImageIndex=2; currentImageIndex=0
[ppfg][info][1774563850656] vkQueuePresentKHR frame=5; queueFamily=0; imageIndex=1; waitSemaphores=1
[ppfg][info][1774563850656] search adaptive blended frame present=4; generatedImageIndex=4; currentImageIndex=1
[ppfg][info][1774563850656] search adaptive blended frame present=5; generatedImageIndex=2; currentImageIndex=3
[ppfg][info][1774563850675] vkQueuePresentKHR frame=60; queueFamily=0; imageIndex=3; waitSemaphores=1
[ppfg][info][1774563850676] search adaptive blended frame present=60; generatedImageIndex=4; currentImageIndex=0
[ppfg][info][1774563850696] vkQueuePresentKHR frame=120; queueFamily=0; imageIndex=3; waitSemaphores=1
[ppfg][info][1774563850697] vkDestroySwapchainKHR
[ppfg][info][1774563850698] vkDestroyDevice
[ppfg][info][1774563850735] vkDestroyInstance
