[omfg][info][1774647797061] vkNegotiateLoaderLayerInterfaceVersion ok; mode=optflow-adaptive-blend-test
[omfg][info][1774647797063] vkCreateInstance ok; mode=optflow-adaptive-blend-test; apiVersion=1.1.0
[omfg][info][1774647797199] vkNegotiateLoaderLayerInterfaceVersion ok; mode=optflow-adaptive-blend-test
[omfg][info][1774647797201] vkCreateInstance ok; mode=optflow-adaptive-blend-test; apiVersion=1.1.0
[omfg][info][1774647798531] vkNegotiateLoaderLayerInterfaceVersion ok; mode=optflow-adaptive-blend-test
[omfg][info][1774647798535] vkCreateInstance ok; mode=optflow-adaptive-blend-test; apiVersion=1.1.0
[omfg][info][1774647799579] vkNegotiateLoaderLayerInterfaceVersion ok; mode=optflow-adaptive-blend-test
[omfg][info][1774647799580] vkCreateInstance ok; mode=optflow-adaptive-blend-test; app=re8.exe; engine=DXVK; apiVersion=1.3.0
[omfg][info][1774647799726] vkNegotiateLoaderLayerInterfaceVersion ok; mode=optflow-adaptive-blend-test
[omfg][info][1774647799728] vkCreateInstance ok; mode=optflow-adaptive-blend-test; app=re8.exe; engine=vkd3d; apiVersion=1.3.0
[omfg][info][1774647800031] vkCreateDevice ok; gpu=AMD Custom GPU 0932 (RADV VANGOGH); presentId=1; presentWait=1; displayTiming=0
[omfg][info][1774647800049] vkDestroyDevice
[omfg][info][1774647800051] vkDestroyInstance
[omfg][info][1774647800065] vkNegotiateLoaderLayerInterfaceVersion ok; mode=optflow-adaptive-blend-test
[omfg][info][1774647800067] vkCreateInstance ok; mode=optflow-adaptive-blend-test; app=re8.exe; engine=vkd3d; apiVersion=1.3.0
[omfg][info][1774647800352] vkCreateDevice ok; gpu=AMD Custom GPU 0932 (RADV VANGOGH); presentId=1; presentWait=1; displayTiming=0
[omfg][info][1774647800367] vkNegotiateLoaderLayerInterfaceVersion ok; mode=optflow-adaptive-blend-test
[omfg][info][1774647800369] vkCreateInstance ok; mode=optflow-adaptive-blend-test; apiVersion=1.1.0
[omfg][info][1774647800504] vkDestroyInstance
[omfg][info][1774647801682] created history image for swapchain
[omfg][info][1774647801682] vkCreateSwapchainKHR ok; extent=1274x775; format=44; presentMode=FIFO; minImages=3->5; usage=TRANSFER_SRC|STORAGE|COLOR_ATTACHMENT (0x19) -> TRANSFER_SRC|SAMPLED|STORAGE|COLOR_ATTACHMENT (0x1d); images=5; mode=optflow-adaptive-blend-test
[omfg][info][1774647801687] vkQueuePresentKHR frame=1; queueFamily=0; imageIndex=0; waitSemaphores=1
[omfg][info][1774647801687] initialized injection resources for queue family 0
[omfg][info][1774647801687] initialized blend resources for swapchain
[omfg][info][1774647801690] optflow-adaptive-blend primed previous frame history
[omfg][info][1774647801801] vkDestroySwapchainKHR
[omfg][info][1774647801806] created history image for swapchain
[omfg][info][1774647801806] vkCreateSwapchainKHR ok; extent=1280x787; format=44; presentMode=FIFO; minImages=3->5; usage=TRANSFER_SRC|STORAGE|COLOR_ATTACHMENT (0x19) -> TRANSFER_SRC|SAMPLED|STORAGE|COLOR_ATTACHMENT (0x1d); images=5; mode=optflow-adaptive-blend-test
[omfg][info][1774647801807] vkQueuePresentKHR frame=1; queueFamily=0; imageIndex=0; waitSemaphores=1
[omfg][info][1774647801807] initialized injection resources for queue family 0
[omfg][info][1774647801808] initialized blend resources for swapchain
[omfg][info][1774647801808] optflow-adaptive-blend primed previous frame history
[omfg][info][1774647801812] vkQueuePresentKHR frame=2; queueFamily=0; imageIndex=1; waitSemaphores=1
[omfg][info][1774647801856] first optical-flow adaptive blended generated-frame present succeeded
[omfg][info][1774647801856] optical-flow adaptive blended frame present=1; generatedImageIndex=2; currentImageIndex=1; originalFirst=0
[omfg][info][1774647801859] vkQueuePresentKHR frame=3; queueFamily=0; imageIndex=3; waitSemaphores=1
[omfg][info][1774647801903] optical-flow adaptive blended frame present=2; generatedImageIndex=4; currentImageIndex=3; originalFirst=0
[omfg][info][1774647801903] vkQueuePresentKHR frame=4; queueFamily=0; imageIndex=0; waitSemaphores=1
[omfg][info][1774647801947] optical-flow adaptive blended frame present=3; generatedImageIndex=2; currentImageIndex=0; originalFirst=0
[omfg][info][1774647801948] vkQueuePresentKHR frame=5; queueFamily=0; imageIndex=1; waitSemaphores=1
[omfg][info][1774647801992] optical-flow adaptive blended frame present=4; generatedImageIndex=4; currentImageIndex=1; originalFirst=0
[omfg][info][1774647802036] optical-flow adaptive blended frame present=5; generatedImageIndex=2; currentImageIndex=3; originalFirst=0
[omfg][info][1774647805257] vkQueuePresentKHR frame=60; queueFamily=0; imageIndex=3; waitSemaphores=1
[omfg][info][1774647805323] optical-flow adaptive blended frame present=60; generatedImageIndex=4; currentImageIndex=0; originalFirst=0
[omfg][info][1774647807334] vkQueuePresentKHR frame=120; queueFamily=0; imageIndex=3; waitSemaphores=1
[omfg][info][1774647807407] optical-flow adaptive blended frame present=120; generatedImageIndex=4; currentImageIndex=0; originalFirst=0
[omfg][info][1774647809314] vkCreateDevice ok; gpu=AMD Custom GPU 0932 (RADV VANGOGH); presentId=1; presentWait=1; displayTiming=0
[omfg][info][1774647809601] vkQueuePresentKHR frame=180; queueFamily=0; imageIndex=3; waitSemaphores=1
[omfg][info][1774647809669] optical-flow adaptive blended frame present=180; generatedImageIndex=4; currentImageIndex=0; originalFirst=0
[omfg][info][1774647811727] vkQueuePresentKHR frame=240; queueFamily=0; imageIndex=3; waitSemaphores=1
[omfg][info][1774647811796] optical-flow adaptive blended frame present=240; generatedImageIndex=4; currentImageIndex=0; originalFirst=0
[omfg][info][1774647813848] vkQueuePresentKHR frame=300; queueFamily=0; imageIndex=3; waitSemaphores=1
[omfg][info][1774647813916] optical-flow adaptive blended frame present=300; generatedImageIndex=4; currentImageIndex=0; originalFirst=0
[omfg][info][1774647815964] vkQueuePresentKHR frame=360; queueFamily=0; imageIndex=3; waitSemaphores=1
[omfg][info][1774647816032] optical-flow adaptive blended frame present=360; generatedImageIndex=4; currentImageIndex=0; originalFirst=0
[omfg][info][1774647818081] vkQueuePresentKHR frame=420; queueFamily=0; imageIndex=3; waitSemaphores=1
[omfg][info][1774647818147] optical-flow adaptive blended frame present=420; generatedImageIndex=4; currentImageIndex=0; originalFirst=0
[omfg][info][1774647820195] vkQueuePresentKHR frame=480; queueFamily=0; imageIndex=3; waitSemaphores=1
[omfg][info][1774647820264] optical-flow adaptive blended frame present=480; generatedImageIndex=4; currentImageIndex=0; originalFirst=0
[omfg][info][1774647822314] vkQueuePresentKHR frame=540; queueFamily=0; imageIndex=3; waitSemaphores=1
[omfg][info][1774647822383] optical-flow adaptive blended frame present=540; generatedImageIndex=4; currentImageIndex=0; originalFirst=0
[omfg][info][1774647824514] vkQueuePresentKHR frame=600; queueFamily=0; imageIndex=3; waitSemaphores=1
[omfg][info][1774647824588] optical-flow adaptive blended frame present=600; generatedImageIndex=4; currentImageIndex=0; originalFirst=0
[omfg][info][1774647826706] vkQueuePresentKHR frame=660; queueFamily=0; imageIndex=3; waitSemaphores=1
[omfg][info][1774647826776] optical-flow adaptive blended frame present=660; generatedImageIndex=4; currentImageIndex=0; originalFirst=0
[omfg][info][1774647827423] vkDestroyDevice
[omfg][info][1774647828845] vkQueuePresentKHR frame=720; queueFamily=0; imageIndex=3; waitSemaphores=1
[omfg][info][1774647828913] optical-flow adaptive blended frame present=720; generatedImageIndex=4; currentImageIndex=0; originalFirst=0
[omfg][info][1774647830987] vkQueuePresentKHR frame=780; queueFamily=0; imageIndex=3; waitSemaphores=1
[omfg][info][1774647831056] optical-flow adaptive blended frame present=780; generatedImageIndex=4; currentImageIndex=0; originalFirst=0
[omfg][info][1774647833300] vkQueuePresentKHR frame=840; queueFamily=0; imageIndex=3; waitSemaphores=1
[omfg][info][1774647833369] optical-flow adaptive blended frame present=840; generatedImageIndex=4; currentImageIndex=0; originalFirst=0
[omfg][info][1774647835443] vkQueuePresentKHR frame=900; queueFamily=0; imageIndex=3; waitSemaphores=1
[omfg][info][1774647835512] optical-flow adaptive blended frame present=900; generatedImageIndex=4; currentImageIndex=0; originalFirst=0
[omfg][info][1774647837627] vkQueuePresentKHR frame=960; queueFamily=0; imageIndex=3; waitSemaphores=1
[omfg][info][1774647837729] optical-flow adaptive blended frame present=960; generatedImageIndex=4; currentImageIndex=0; originalFirst=0
[omfg][info][1774647840336] vkQueuePresentKHR frame=1020; queueFamily=0; imageIndex=3; waitSemaphores=1
[omfg][info][1774647840428] optical-flow adaptive blended frame present=1020; generatedImageIndex=4; currentImageIndex=0; originalFirst=0
[omfg][info][1774647843153] vkQueuePresentKHR frame=1080; queueFamily=0; imageIndex=3; waitSemaphores=1
[omfg][info][1774647843247] optical-flow adaptive blended frame present=1080; generatedImageIndex=4; currentImageIndex=0; originalFirst=0
[omfg][info][1774647845986] vkQueuePresentKHR frame=1140; queueFamily=0; imageIndex=3; waitSemaphores=1
[omfg][info][1774647846078] optical-flow adaptive blended frame present=1140; generatedImageIndex=4; currentImageIndex=0; originalFirst=0
[omfg][info][1774647848840] vkQueuePresentKHR frame=1200; queueFamily=0; imageIndex=3; waitSemaphores=1
[omfg][info][1774647848930] optical-flow adaptive blended frame present=1200; generatedImageIndex=4; currentImageIndex=0; originalFirst=0
[omfg][info][1774647851655] vkQueuePresentKHR frame=1260; queueFamily=0; imageIndex=3; waitSemaphores=1
[omfg][info][1774647851746] optical-flow adaptive blended frame present=1260; generatedImageIndex=4; currentImageIndex=0; originalFirst=0
[omfg][info][1774647854435] vkQueuePresentKHR frame=1320; queueFamily=0; imageIndex=3; waitSemaphores=1
[omfg][info][1774647854526] optical-flow adaptive blended frame present=1320; generatedImageIndex=4; currentImageIndex=0; originalFirst=0
[omfg][info][1774647857213] vkQueuePresentKHR frame=1380; queueFamily=0; imageIndex=3; waitSemaphores=1
[omfg][info][1774647857304] optical-flow adaptive blended frame present=1380; generatedImageIndex=4; currentImageIndex=0; originalFirst=0
[omfg][info][1774647859984] vkQueuePresentKHR frame=1440; queueFamily=0; imageIndex=3; waitSemaphores=1
[omfg][info][1774647860075] optical-flow adaptive blended frame present=1440; generatedImageIndex=4; currentImageIndex=0; originalFirst=0
[omfg][info][1774647862761] vkQueuePresentKHR frame=1500; queueFamily=0; imageIndex=3; waitSemaphores=1
[omfg][info][1774647862852] optical-flow adaptive blended frame present=1500; generatedImageIndex=4; currentImageIndex=0; originalFirst=0
[omfg][info][1774647865544] vkQueuePresentKHR frame=1560; queueFamily=0; imageIndex=3; waitSemaphores=1
[omfg][info][1774647865634] optical-flow adaptive blended frame present=1560; generatedImageIndex=4; currentImageIndex=0; originalFirst=0
[omfg][info][1774647868325] vkQueuePresentKHR frame=1620; queueFamily=0; imageIndex=3; waitSemaphores=1
[omfg][info][1774647868416] optical-flow adaptive blended frame present=1620; generatedImageIndex=4; currentImageIndex=0; originalFirst=0
[omfg][info][1774647871100] vkQueuePresentKHR frame=1680; queueFamily=0; imageIndex=3; waitSemaphores=1
[omfg][info][1774647871192] optical-flow adaptive blended frame present=1680; generatedImageIndex=4; currentImageIndex=0; originalFirst=0
[omfg][info][1774647873881] vkQueuePresentKHR frame=1740; queueFamily=0; imageIndex=3; waitSemaphores=1
[omfg][info][1774647873972] optical-flow adaptive blended frame present=1740; generatedImageIndex=4; currentImageIndex=0; originalFirst=0
