[omfg][info][1774646657201] vkNegotiateLoaderLayerInterfaceVersion ok; mode=clear-test
[omfg][info][1774646657203] vkCreateInstance ok; mode=clear-test; apiVersion=1.1.0
[omfg][info][1774646657339] vkNegotiateLoaderLayerInterfaceVersion ok; mode=clear-test
[omfg][info][1774646657341] vkCreateInstance ok; mode=clear-test; apiVersion=1.1.0
[omfg][info][1774646658666] vkNegotiateLoaderLayerInterfaceVersion ok; mode=clear-test
[omfg][info][1774646658668] vkCreateInstance ok; mode=clear-test; apiVersion=1.1.0
[omfg][info][1774646659682] vkNegotiateLoaderLayerInterfaceVersion ok; mode=clear-test
[omfg][info][1774646659684] vkCreateInstance ok; mode=clear-test; app=re8.exe; engine=DXVK; apiVersion=1.3.0
[omfg][info][1774646659827] vkNegotiateLoaderLayerInterfaceVersion ok; mode=clear-test
[omfg][info][1774646659829] vkCreateInstance ok; mode=clear-test; app=re8.exe; engine=vkd3d; apiVersion=1.3.0
[omfg][info][1774646660128] vkCreateDevice ok; gpu=AMD Custom GPU 0932 (RADV VANGOGH); presentId=1; presentWait=1; displayTiming=0
[omfg][info][1774646660146] vkDestroyDevice
[omfg][info][1774646660147] vkDestroyInstance
[omfg][info][1774646660161] vkNegotiateLoaderLayerInterfaceVersion ok; mode=clear-test
[omfg][info][1774646660163] vkCreateInstance ok; mode=clear-test; app=re8.exe; engine=vkd3d; apiVersion=1.3.0
[omfg][info][1774646660447] vkCreateDevice ok; gpu=AMD Custom GPU 0932 (RADV VANGOGH); presentId=1; presentWait=1; displayTiming=0
[omfg][info][1774646660462] vkNegotiateLoaderLayerInterfaceVersion ok; mode=clear-test
[omfg][info][1774646660464] vkCreateInstance ok; mode=clear-test; apiVersion=1.1.0
[omfg][info][1774646660598] vkDestroyInstance
[omfg][info][1774646661795] vkCreateSwapchainKHR ok; extent=1274x775; format=44; presentMode=FIFO; minImages=3->4; usage=TRANSFER_SRC|STORAGE|COLOR_ATTACHMENT (0x19) -> TRANSFER_SRC|TRANSFER_DST|STORAGE|COLOR_ATTACHMENT (0x1b); images=4; mode=clear-test
[omfg][info][1774646661799] vkQueuePresentKHR frame=1; queueFamily=0; imageIndex=0; waitSemaphores=1
[omfg][info][1774646661799] initialized injection resources for queue family 0
[omfg][info][1774646661800] first generated clear-frame present succeeded
[omfg][info][1774646661800] generated frame present=1; swapchainImageIndex=1
[omfg][info][1774646661907] vkDestroySwapchainKHR
[omfg][info][1774646661911] vkCreateSwapchainKHR ok; extent=1280x787; format=44; presentMode=FIFO; minImages=3->4; usage=TRANSFER_SRC|STORAGE|COLOR_ATTACHMENT (0x19) -> TRANSFER_SRC|TRANSFER_DST|STORAGE|COLOR_ATTACHMENT (0x1b); images=4; mode=clear-test
[omfg][info][1774646661912] vkQueuePresentKHR frame=1; queueFamily=0; imageIndex=0; waitSemaphores=1
[omfg][info][1774646661912] initialized injection resources for queue family 0
[omfg][info][1774646661912] first generated clear-frame present succeeded
[omfg][info][1774646661912] generated frame present=1; swapchainImageIndex=1
[omfg][info][1774646661916] vkQueuePresentKHR frame=2; queueFamily=0; imageIndex=2; waitSemaphores=1
[omfg][info][1774646661916] generated frame present=2; swapchainImageIndex=3
[omfg][info][1774646661943] vkQueuePresentKHR frame=3; queueFamily=0; imageIndex=0; waitSemaphores=1
[omfg][info][1774646661943] generated frame present=3; swapchainImageIndex=1
[omfg][info][1774646661971] vkQueuePresentKHR frame=4; queueFamily=0; imageIndex=2; waitSemaphores=1
[omfg][info][1774646661971] generated frame present=4; swapchainImageIndex=3
[omfg][info][1774646661973] vkQueuePresentKHR frame=5; queueFamily=0; imageIndex=0; waitSemaphores=1
[omfg][info][1774646661980] generated frame present=5; swapchainImageIndex=1
[omfg][info][1774646664234] vkQueuePresentKHR frame=60; queueFamily=0; imageIndex=2; waitSemaphores=1
[omfg][info][1774646664246] generated frame present=60; swapchainImageIndex=3
[omfg][info][1774646665513] vkCreateDevice ok; gpu=AMD Custom GPU 0932 (RADV VANGOGH); presentId=1; presentWait=1; displayTiming=0
[omfg][info][1774646665568] vkQueuePresentKHR frame=120; queueFamily=0; imageIndex=2; waitSemaphores=1
[omfg][info][1774646665581] generated frame present=120; swapchainImageIndex=3
[omfg][info][1774646666901] vkQueuePresentKHR frame=180; queueFamily=0; imageIndex=2; waitSemaphores=1
[omfg][info][1774646666913] generated frame present=180; swapchainImageIndex=3
[omfg][info][1774646668234] vkQueuePresentKHR frame=240; queueFamily=0; imageIndex=2; waitSemaphores=1
[omfg][info][1774646668246] generated frame present=240; swapchainImageIndex=3
[omfg][info][1774646669567] vkQueuePresentKHR frame=300; queueFamily=0; imageIndex=2; waitSemaphores=1
[omfg][info][1774646669579] generated frame present=300; swapchainImageIndex=3
[omfg][info][1774646670900] vkQueuePresentKHR frame=360; queueFamily=0; imageIndex=2; waitSemaphores=1
[omfg][info][1774646670913] generated frame present=360; swapchainImageIndex=3
[omfg][info][1774646672233] vkQueuePresentKHR frame=420; queueFamily=0; imageIndex=2; waitSemaphores=1
[omfg][info][1774646672246] generated frame present=420; swapchainImageIndex=3
[omfg][info][1774646673566] vkQueuePresentKHR frame=480; queueFamily=0; imageIndex=2; waitSemaphores=1
[omfg][info][1774646673579] generated frame present=480; swapchainImageIndex=3
[omfg][info][1774646674900] vkQueuePresentKHR frame=540; queueFamily=0; imageIndex=2; waitSemaphores=1
[omfg][info][1774646674912] generated frame present=540; swapchainImageIndex=3
[omfg][info][1774646676233] vkQueuePresentKHR frame=600; queueFamily=0; imageIndex=2; waitSemaphores=1
[omfg][info][1774646676245] generated frame present=600; swapchainImageIndex=3
[omfg][info][1774646677566] vkQueuePresentKHR frame=660; queueFamily=0; imageIndex=2; waitSemaphores=1
[omfg][info][1774646677578] generated frame present=660; swapchainImageIndex=3
[omfg][info][1774646678899] vkQueuePresentKHR frame=720; queueFamily=0; imageIndex=2; waitSemaphores=1
[omfg][info][1774646678911] generated frame present=720; swapchainImageIndex=3
[omfg][info][1774646680232] vkQueuePresentKHR frame=780; queueFamily=0; imageIndex=2; waitSemaphores=1
[omfg][info][1774646680245] generated frame present=780; swapchainImageIndex=3
[omfg][info][1774646681565] vkQueuePresentKHR frame=840; queueFamily=0; imageIndex=2; waitSemaphores=1
[omfg][info][1774646681578] generated frame present=840; swapchainImageIndex=3
[omfg][info][1774646682696] vkDestroyDevice
[omfg][info][1774646682899] vkQueuePresentKHR frame=900; queueFamily=0; imageIndex=2; waitSemaphores=1
[omfg][info][1774646682911] generated frame present=900; swapchainImageIndex=3
[omfg][info][1774646684232] vkQueuePresentKHR frame=960; queueFamily=0; imageIndex=2; waitSemaphores=1
[omfg][info][1774646684244] generated frame present=960; swapchainImageIndex=3
[omfg][info][1774646685565] vkQueuePresentKHR frame=1020; queueFamily=0; imageIndex=2; waitSemaphores=1
[omfg][info][1774646685578] generated frame present=1020; swapchainImageIndex=3
[omfg][info][1774646686915] vkQueuePresentKHR frame=1080; queueFamily=0; imageIndex=2; waitSemaphores=1
[omfg][info][1774646686921] generated frame present=1080; swapchainImageIndex=3
[omfg][info][1774646688915] vkQueuePresentKHR frame=1140; queueFamily=0; imageIndex=2; waitSemaphores=1
[omfg][info][1774646688926] generated frame present=1140; swapchainImageIndex=3
[omfg][info][1774646690918] vkQueuePresentKHR frame=1200; queueFamily=0; imageIndex=2; waitSemaphores=1
[omfg][info][1774646690933] generated frame present=1200; swapchainImageIndex=3
[omfg][info][1774646692918] vkQueuePresentKHR frame=1260; queueFamily=0; imageIndex=2; waitSemaphores=1
[omfg][info][1774646692935] generated frame present=1260; swapchainImageIndex=3
[omfg][info][1774646694917] vkQueuePresentKHR frame=1320; queueFamily=0; imageIndex=2; waitSemaphores=1
[omfg][info][1774646694933] generated frame present=1320; swapchainImageIndex=3
[omfg][info][1774646696917] vkQueuePresentKHR frame=1380; queueFamily=0; imageIndex=2; waitSemaphores=1
[omfg][info][1774646696934] generated frame present=1380; swapchainImageIndex=3
[omfg][info][1774646698917] vkQueuePresentKHR frame=1440; queueFamily=0; imageIndex=2; waitSemaphores=1
[omfg][info][1774646698934] generated frame present=1440; swapchainImageIndex=3
[omfg][info][1774646700916] vkQueuePresentKHR frame=1500; queueFamily=0; imageIndex=2; waitSemaphores=1
[omfg][info][1774646700934] generated frame present=1500; swapchainImageIndex=3
[omfg][info][1774646702916] vkQueuePresentKHR frame=1560; queueFamily=0; imageIndex=2; waitSemaphores=1
[omfg][info][1774646702934] generated frame present=1560; swapchainImageIndex=3
