[omfg][info][1774660530971] vkNegotiateLoaderLayerInterfaceVersion ok; mode=multi-blend-test
[omfg][info][1774660530973] vkCreateInstance ok; mode=multi-blend-test; app=vkcube; engine=vkcube; apiVersion=1.0.0
[omfg][info][1774660530991] vkCreateDevice ok; gpu=AMD Custom GPU 0932 (RADV VANGOGH); presentId=0; presentWait=0; displayTiming=0
[omfg][info][1774660530996] created history image for swapchain
[omfg][info][1774660530996] vkCreateSwapchainKHR ok; extent=500x500; format=44; presentMode=FIFO; minImages=3->6; usage=COLOR_ATTACHMENT (0x10) -> TRANSFER_SRC|SAMPLED|COLOR_ATTACHMENT (0x15); images=6; mode=multi-blend-test
[omfg][info][1774660530998] vkQueuePresentKHR frame=1; queueFamily=0; imageIndex=0; waitSemaphores=1
[omfg][info][1774660530998] initialized injection resources for queue family 0
[omfg][info][1774660530999] initialized blend resources for swapchain
[omfg][info][1774660530999] multi-blend primed previous frame history
[omfg][info][1774660530999] vkQueuePresentKHR frame=2; queueFamily=0; imageIndex=1; waitSemaphores=1
[omfg][info][1774660530999] first multi blended generated-frame present succeeded
[omfg][info][1774660530999] multi blended frame present=2; generatedImageIndices=[2, 3]; currentImageIndex=1; originalFirst=0
[omfg][info][1774660531000] vkQueuePresentKHR frame=3; queueFamily=0; imageIndex=4; waitSemaphores=1
[omfg][info][1774660531024] multi blended frame present=4; generatedImageIndices=[5, 0]; currentImageIndex=4; originalFirst=0
[omfg][info][1774660531032] vkQueuePresentKHR frame=4; queueFamily=0; imageIndex=2; waitSemaphores=1
[omfg][info][1774660531056] multi blended frame present=6; generatedImageIndices=[3, 1]; currentImageIndex=2; originalFirst=0
[omfg][info][1774660531065] vkQueuePresentKHR frame=5; queueFamily=0; imageIndex=5; waitSemaphores=1
[omfg][info][1774660531957] multi blended frame present=60; generatedImageIndices=[4, 5]; currentImageIndex=0; originalFirst=0
[omfg][info][1774660532899] vkQueuePresentKHR frame=60; queueFamily=0; imageIndex=3; waitSemaphores=1
[omfg][info][1774660532945] multi blended frame present=120; generatedImageIndices=[4, 5]; currentImageIndex=0; originalFirst=0
[omfg][info][1774660533951] multi blended frame present=180; generatedImageIndices=[4, 5]; currentImageIndex=0; originalFirst=0
[omfg][info][1774660534888] vkQueuePresentKHR frame=120; queueFamily=0; imageIndex=3; waitSemaphores=1
[omfg][info][1774660534914] vkDestroySwapchainKHR
[omfg][info][1774660534922] vkDestroyDevice
[omfg][info][1774660534986] vkDestroyInstance
